{"C:\\Users\\jorda\\Desktop\\COMS\\2023\\SD\\project\\witsOverflow\\src\\pages\\questionsPage.js": {"path":"C:\\Users\\jorda\\Desktop\\COMS\\2023\\SD\\project\\witsOverflow\\src\\pages\\questionsPage.js","statementMap":{"0":{"start":{"line":11,"column":21},"end":{"line":16,"column":1}},"1":{"start":{"line":18,"column":18},"end":{"line":22,"column":1}},"2":{"start":{"line":23,"column":15},"end":{"line":23,"column":103}},"3":{"start":{"line":24,"column":12},"end":{"line":24,"column":13}},"4":{"start":{"line":28,"column":19},"end":{"line":28,"column":32}},"5":{"start":{"line":29,"column":18},"end":{"line":29,"column":53}},"6":{"start":{"line":31,"column":44},"end":{"line":31,"column":56}},"7":{"start":{"line":32,"column":34},"end":{"line":32,"column":61}},"8":{"start":{"line":34,"column":4},"end":{"line":48,"column":11}},"9":{"start":{"line":35,"column":32},"end":{"line":46,"column":9}},"10":{"start":{"line":36,"column":12},"end":{"line":45,"column":13}},"11":{"start":{"line":37,"column":29},"end":{"line":37,"column":65}},"12":{"start":{"line":38,"column":37},"end":{"line":41,"column":19}},"13":{"start":{"line":38,"column":61},"end":{"line":41,"column":17}},"14":{"start":{"line":42,"column":16},"end":{"line":42,"column":46}},"15":{"start":{"line":44,"column":16},"end":{"line":44,"column":36}},"16":{"start":{"line":47,"column":8},"end":{"line":47,"column":26}},"17":{"start":{"line":52,"column":31},"end":{"line":52,"column":33}},"18":{"start":{"line":53,"column":12},"end":{"line":53,"column":13}},"19":{"start":{"line":54,"column":5},"end":{"line":70,"column":6}},"20":{"start":{"line":55,"column":8},"end":{"line":69,"column":9}},"21":{"start":{"line":72,"column":37},"end":{"line":75,"column":5}},"22":{"start":{"line":73,"column":18},"end":{"line":73,"column":28}},"23":{"start":{"line":74,"column":8},"end":{"line":74,"column":40}},"24":{"start":{"line":77,"column":4},"end":{"line":85,"column":6}}},"fnMap":{"0":{"name":"QuestionsPage","decl":{"start":{"line":26,"column":9},"end":{"line":26,"column":22}},"loc":{"start":{"line":26,"column":24},"end":{"line":86,"column":1}},"line":26},"1":{"name":"(anonymous_1)","decl":{"start":{"line":34,"column":14},"end":{"line":34,"column":15}},"loc":{"start":{"line":34,"column":20},"end":{"line":48,"column":5}},"line":34},"2":{"name":"(anonymous_2)","decl":{"start":{"line":35,"column":32},"end":{"line":35,"column":33}},"loc":{"start":{"line":35,"column":44},"end":{"line":46,"column":9}},"line":35},"3":{"name":"(anonymous_3)","decl":{"start":{"line":38,"column":51},"end":{"line":38,"column":52}},"loc":{"start":{"line":38,"column":61},"end":{"line":41,"column":17}},"line":38},"4":{"name":"(anonymous_4)","decl":{"start":{"line":54,"column":22},"end":{"line":54,"column":23}},"loc":{"start":{"line":55,"column":8},"end":{"line":69,"column":9}},"line":55},"5":{"name":"(anonymous_5)","decl":{"start":{"line":72,"column":37},"end":{"line":72,"column":38}},"loc":{"start":{"line":72,"column":43},"end":{"line":75,"column":5}},"line":72}},"branchMap":{},"s":{"0":1,"1":1,"2":1,"3":1,"4":1,"5":1,"6":1,"7":1,"8":1,"9":1,"10":1,"11":1,"12":0,"13":0,"14":0,"15":0,"16":1,"17":1,"18":1,"19":1,"20":0,"21":1,"22":1,"23":1,"24":1},"f":{"0":1,"1":1,"2":1,"3":0,"4":0,"5":1},"b":{},"_coverageSchema":"1a1c01bbd47fc00a2c39e90264f33305004495a9","hash":"8efab2eefe3ff7d7acb75058ade181cd01e6b6e7"}
}
