{"/Users/jordan/Documents/GitHub/witsOverflow/src/App.js": {"path":"/Users/jordan/Documents/GitHub/witsOverflow/src/App.js","statementMap":{"0":{"start":{"line":19,"column":18},"end":{"line":19,"column":35}},"1":{"start":{"line":23,"column":21},"end":{"line":30,"column":1}},"2":{"start":{"line":33,"column":2},"end":{"line":55,"column":4}}},"fnMap":{"0":{"name":"App","decl":{"start":{"line":32,"column":9},"end":{"line":32,"column":12}},"loc":{"start":{"line":32,"column":15},"end":{"line":56,"column":1}},"line":32}},"branchMap":{},"s":{"0":0,"1":0,"2":0},"f":{"0":0},"b":{}}
,"/Users/jordan/Documents/GitHub/witsOverflow/src/index.js": {"path":"/Users/jordan/Documents/GitHub/witsOverflow/src/index.js","statementMap":{"0":{"start":{"line":5,"column":13},"end":{"line":5,"column":65}},"1":{"start":{"line":6,"column":0},"end":{"line":10,"column":2}}},"fnMap":{},"branchMap":{},"s":{"0":0,"1":0},"f":{},"b":{}}
,"/Users/jordan/Documents/GitHub/witsOverflow/src/components/Comment.js": {"path":"/Users/jordan/Documents/GitHub/witsOverflow/src/components/Comment.js","statementMap":{"0":{"start":{"line":7,"column":20},"end":{"line":12,"column":1}},"1":{"start":{"line":16,"column":20},"end":{"line":20,"column":1}},"2":{"start":{"line":25,"column":26},"end":{"line":25,"column":46}},"3":{"start":{"line":27,"column":23},"end":{"line":33,"column":5}},"4":{"start":{"line":29,"column":8},"end":{"line":31,"column":13}},"5":{"start":{"line":32,"column":10},"end":{"line":32,"column":40}},"6":{"start":{"line":36,"column":4},"end":{"line":66,"column":5}},"7":{"start":{"line":37,"column":8},"end":{"line":42,"column":14}},"8":{"start":{"line":43,"column":10},"end":{"line":66,"column":5}},"9":{"start":{"line":45,"column":26},"end":{"line":45,"column":37}},"10":{"start":{"line":46,"column":8},"end":{"line":50,"column":14}},"11":{"start":{"line":51,"column":10},"end":{"line":66,"column":5}},"12":{"start":{"line":52,"column":8},"end":{"line":58,"column":14}},"13":{"start":{"line":60,"column":8},"end":{"line":65,"column":14}}},"fnMap":{"0":{"name":"Comment","decl":{"start":{"line":23,"column":9},"end":{"line":23,"column":16}},"loc":{"start":{"line":23,"column":54},"end":{"line":67,"column":1}},"line":23},"1":{"name":"(anonymous_1)","decl":{"start":{"line":27,"column":23},"end":{"line":27,"column":24}},"loc":{"start":{"line":27,"column":34},"end":{"line":33,"column":5}},"line":27}},"branchMap":{"0":{"loc":{"start":{"line":36,"column":4},"end":{"line":66,"column":5}},"type":"if","locations":[{"start":{"line":36,"column":4},"end":{"line":66,"column":5}},{"start":{"line":43,"column":10},"end":{"line":66,"column":5}}],"line":36},"1":{"loc":{"start":{"line":36,"column":7},"end":{"line":36,"column":24}},"type":"binary-expr","locations":[{"start":{"line":36,"column":7},"end":{"line":36,"column":14}},{"start":{"line":36,"column":18},"end":{"line":36,"column":24}}],"line":36},"2":{"loc":{"start":{"line":43,"column":10},"end":{"line":66,"column":5}},"type":"if","locations":[{"start":{"line":43,"column":10},"end":{"line":66,"column":5}},{"start":{"line":51,"column":10},"end":{"line":66,"column":5}}],"line":43},"3":{"loc":{"start":{"line":51,"column":10},"end":{"line":66,"column":5}},"type":"if","locations":[{"start":{"line":51,"column":10},"end":{"line":66,"column":5}},{"start":{"line":59,"column":9},"end":{"line":66,"column":5}}],"line":51}},"s":{"0":3,"1":3,"2":0,"3":0,"4":0,"5":0,"6":0,"7":0,"8":0,"9":0,"10":0,"11":0,"12":0,"13":0},"f":{"0":0,"1":0},"b":{"0":[0,0],"1":[0,0],"2":[0,0],"3":[0,0]},"_coverageSchema":"1a1c01bbd47fc00a2c39e90264f33305004495a9","hash":"f548800c9a59f3d333c2f6e0e45db8b056e93530"}
,"/Users/jordan/Documents/GitHub/witsOverflow/src/components/CommunityRow.js": {"path":"/Users/jordan/Documents/GitHub/witsOverflow/src/components/CommunityRow.js","statementMap":{"0":{"start":{"line":5,"column":19},"end":{"line":10,"column":1}},"1":{"start":{"line":12,"column":23},"end":{"line":17,"column":1}},"2":{"start":{"line":19,"column":18},"end":{"line":26,"column":1}},"3":{"start":{"line":28,"column":27},"end":{"line":44,"column":1}},"4":{"start":{"line":49,"column":19},"end":{"line":49,"column":32}},"5":{"start":{"line":51,"column":21},"end":{"line":51,"column":30}},"6":{"start":{"line":52,"column":20},"end":{"line":52,"column":28}},"7":{"start":{"line":53,"column":24},"end":{"line":53,"column":36}},"8":{"start":{"line":56,"column":33},"end":{"line":59,"column":5}},"9":{"start":{"line":57,"column":18},"end":{"line":57,"column":32}},"10":{"start":{"line":58,"column":8},"end":{"line":58,"column":40}},"11":{"start":{"line":61,"column":4},"end":{"line":69,"column":5}},"12":{"start":{"line":66,"column":38},"end":{"line":66,"column":70}}},"fnMap":{"0":{"name":"CommunityRow","decl":{"start":{"line":47,"column":9},"end":{"line":47,"column":21}},"loc":{"start":{"line":47,"column":58},"end":{"line":70,"column":1}},"line":47},"1":{"name":"(anonymous_1)","decl":{"start":{"line":56,"column":33},"end":{"line":56,"column":34}},"loc":{"start":{"line":56,"column":44},"end":{"line":59,"column":5}},"line":56},"2":{"name":"(anonymous_2)","decl":{"start":{"line":66,"column":32},"end":{"line":66,"column":33}},"loc":{"start":{"line":66,"column":38},"end":{"line":66,"column":70}},"line":66}},"branchMap":{},"s":{"0":2,"1":2,"2":2,"3":2,"4":2,"5":2,"6":2,"7":2,"8":2,"9":1,"10":1,"11":2,"12":1},"f":{"0":2,"1":1,"2":1},"b":{},"_coverageSchema":"1a1c01bbd47fc00a2c39e90264f33305004495a9","hash":"ea95fb29037a4aa23412350d3d17958364e56b42"}
,"/Users/jordan/Documents/GitHub/witsOverflow/src/components/Question.js": {"path":"/Users/jordan/Documents/GitHub/witsOverflow/src/components/Question.js","statementMap":{"0":{"start":{"line":6,"column":8},"end":{"line":6,"column":37}},"1":{"start":{"line":7,"column":8},"end":{"line":7,"column":43}},"2":{"start":{"line":8,"column":8},"end":{"line":8,"column":41}},"3":{"start":{"line":9,"column":8},"end":{"line":9,"column":27}},"4":{"start":{"line":10,"column":8},"end":{"line":10,"column":39}},"5":{"start":{"line":11,"column":8},"end":{"line":11,"column":35}},"6":{"start":{"line":12,"column":8},"end":{"line":12,"column":35}},"7":{"start":{"line":13,"column":8},"end":{"line":13,"column":35}},"8":{"start":{"line":14,"column":8},"end":{"line":14,"column":25}},"9":{"start":{"line":15,"column":8},"end":{"line":15,"column":27}},"10":{"start":{"line":16,"column":8},"end":{"line":16,"column":26}},"11":{"start":{"line":17,"column":8},"end":{"line":17,"column":35}},"12":{"start":{"line":18,"column":8},"end":{"line":18,"column":33}},"13":{"start":{"line":24,"column":8},"end":{"line":24,"column":32}},"14":{"start":{"line":28,"column":8},"end":{"line":28,"column":35}},"15":{"start":{"line":32,"column":8},"end":{"line":32,"column":34}},"16":{"start":{"line":36,"column":8},"end":{"line":36,"column":27}},"17":{"start":{"line":40,"column":8},"end":{"line":40,"column":33}},"18":{"start":{"line":44,"column":8},"end":{"line":44,"column":31}},"19":{"start":{"line":48,"column":8},"end":{"line":48,"column":31}},"20":{"start":{"line":52,"column":8},"end":{"line":52,"column":31}},"21":{"start":{"line":56,"column":8},"end":{"line":56,"column":26}},"22":{"start":{"line":60,"column":8},"end":{"line":60,"column":30}},"23":{"start":{"line":64,"column":8},"end":{"line":64,"column":29}},"24":{"start":{"line":68,"column":8},"end":{"line":68,"column":31}},"25":{"start":{"line":72,"column":8},"end":{"line":72,"column":30}},"26":{"start":{"line":78,"column":8},"end":{"line":78,"column":36}},"27":{"start":{"line":82,"column":8},"end":{"line":82,"column":34}}},"fnMap":{"0":{"name":"(anonymous_0)","decl":{"start":{"line":4,"column":4},"end":{"line":4,"column":5}},"loc":{"start":{"line":5,"column":4},"end":{"line":19,"column":5}},"line":5},"1":{"name":"(anonymous_1)","decl":{"start":{"line":22,"column":4},"end":{"line":22,"column":5}},"loc":{"start":{"line":23,"column":4},"end":{"line":25,"column":5}},"line":23},"2":{"name":"(anonymous_2)","decl":{"start":{"line":26,"column":4},"end":{"line":26,"column":5}},"loc":{"start":{"line":27,"column":4},"end":{"line":29,"column":5}},"line":27},"3":{"name":"(anonymous_3)","decl":{"start":{"line":30,"column":4},"end":{"line":30,"column":5}},"loc":{"start":{"line":31,"column":4},"end":{"line":33,"column":5}},"line":31},"4":{"name":"(anonymous_4)","decl":{"start":{"line":34,"column":4},"end":{"line":34,"column":5}},"loc":{"start":{"line":35,"column":4},"end":{"line":37,"column":5}},"line":35},"5":{"name":"(anonymous_5)","decl":{"start":{"line":38,"column":4},"end":{"line":38,"column":5}},"loc":{"start":{"line":39,"column":4},"end":{"line":41,"column":5}},"line":39},"6":{"name":"(anonymous_6)","decl":{"start":{"line":42,"column":4},"end":{"line":42,"column":5}},"loc":{"start":{"line":43,"column":4},"end":{"line":45,"column":5}},"line":43},"7":{"name":"(anonymous_7)","decl":{"start":{"line":46,"column":4},"end":{"line":46,"column":5}},"loc":{"start":{"line":47,"column":4},"end":{"line":49,"column":5}},"line":47},"8":{"name":"(anonymous_8)","decl":{"start":{"line":50,"column":4},"end":{"line":50,"column":5}},"loc":{"start":{"line":51,"column":4},"end":{"line":53,"column":5}},"line":51},"9":{"name":"(anonymous_9)","decl":{"start":{"line":54,"column":4},"end":{"line":54,"column":5}},"loc":{"start":{"line":55,"column":4},"end":{"line":57,"column":5}},"line":55},"10":{"name":"(anonymous_10)","decl":{"start":{"line":58,"column":4},"end":{"line":58,"column":5}},"loc":{"start":{"line":59,"column":4},"end":{"line":61,"column":5}},"line":59},"11":{"name":"(anonymous_11)","decl":{"start":{"line":62,"column":4},"end":{"line":62,"column":5}},"loc":{"start":{"line":63,"column":4},"end":{"line":65,"column":5}},"line":63},"12":{"name":"(anonymous_12)","decl":{"start":{"line":66,"column":4},"end":{"line":66,"column":5}},"loc":{"start":{"line":67,"column":4},"end":{"line":69,"column":5}},"line":67},"13":{"name":"(anonymous_13)","decl":{"start":{"line":70,"column":4},"end":{"line":70,"column":5}},"loc":{"start":{"line":71,"column":4},"end":{"line":73,"column":5}},"line":71},"14":{"name":"(anonymous_14)","decl":{"start":{"line":76,"column":4},"end":{"line":76,"column":5}},"loc":{"start":{"line":77,"column":4},"end":{"line":79,"column":5}},"line":77},"15":{"name":"(anonymous_15)","decl":{"start":{"line":80,"column":4},"end":{"line":80,"column":5}},"loc":{"start":{"line":81,"column":4},"end":{"line":83,"column":5}},"line":81}},"branchMap":{},"s":{"0":3,"1":3,"2":3,"3":3,"4":3,"5":3,"6":3,"7":3,"8":3,"9":3,"10":3,"11":3,"12":3,"13":0,"14":0,"15":0,"16":0,"17":0,"18":0,"19":0,"20":0,"21":0,"22":0,"23":0,"24":0,"25":0,"26":0,"27":0},"f":{"0":3,"1":0,"2":0,"3":0,"4":0,"5":0,"6":0,"7":0,"8":0,"9":0,"10":0,"11":0,"12":0,"13":0,"14":0,"15":0},"b":{},"_coverageSchema":"1a1c01bbd47fc00a2c39e90264f33305004495a9","hash":"0aefb0fb15cd6d5034d318c074325f7c2a0c1eef"}
,"/Users/jordan/Documents/GitHub/witsOverflow/src/components/QuestionRow.js": {"path":"/Users/jordan/Documents/GitHub/witsOverflow/src/components/QuestionRow.js","statementMap":{"0":{"start":{"line":6,"column":21},"end":{"line":18,"column":1}},"1":{"start":{"line":20,"column":26},"end":{"line":22,"column":1}},"2":{"start":{"line":24,"column":12},"end":{"line":32,"column":1}},"3":{"start":{"line":34,"column":21},"end":{"line":40,"column":1}},"4":{"start":{"line":42,"column":26},"end":{"line":53,"column":1}},"5":{"start":{"line":55,"column":19},"end":{"line":61,"column":1}},"6":{"start":{"line":63,"column":17},"end":{"line":65,"column":1}},"7":{"start":{"line":67,"column":20},"end":{"line":74,"column":1}},"8":{"start":{"line":79,"column":19},"end":{"line":79,"column":32}},"9":{"start":{"line":82,"column":22},"end":{"line":82,"column":32}},"10":{"start":{"line":83,"column":25},"end":{"line":83,"column":38}},"11":{"start":{"line":84,"column":24},"end":{"line":84,"column":36}},"12":{"start":{"line":85,"column":17},"end":{"line":85,"column":22}},"13":{"start":{"line":86,"column":23},"end":{"line":86,"column":34}},"14":{"start":{"line":87,"column":21},"end":{"line":87,"column":30}},"15":{"start":{"line":88,"column":21},"end":{"line":88,"column":30}},"16":{"start":{"line":89,"column":21},"end":{"line":89,"column":30}},"17":{"start":{"line":90,"column":16},"end":{"line":90,"column":20}},"18":{"start":{"line":91,"column":16},"end":{"line":91,"column":51}},"19":{"start":{"line":92,"column":20},"end":{"line":92,"column":28}},"20":{"start":{"line":95,"column":21},"end":{"line":95,"column":159}},"21":{"start":{"line":97,"column":26},"end":{"line":97,"column":28}},"22":{"start":{"line":98,"column":4},"end":{"line":103,"column":5}},"23":{"start":{"line":98,"column":17},"end":{"line":98,"column":18}},"24":{"start":{"line":100,"column":8},"end":{"line":102,"column":10}},"25":{"start":{"line":107,"column":19},"end":{"line":107,"column":30}},"26":{"start":{"line":108,"column":8},"end":{"line":108,"column":40}},"27":{"start":{"line":109,"column":8},"end":{"line":109,"column":30}},"28":{"start":{"line":110,"column":8},"end":{"line":110,"column":43}},"29":{"start":{"line":115,"column":33},"end":{"line":118,"column":5}},"30":{"start":{"line":116,"column":18},"end":{"line":116,"column":32}},"31":{"start":{"line":117,"column":8},"end":{"line":117,"column":40}},"32":{"start":{"line":120,"column":4},"end":{"line":189,"column":5}},"33":{"start":{"line":121,"column":8},"end":{"line":147,"column":9}},"34":{"start":{"line":122,"column":12},"end":{"line":131,"column":13}},"35":{"start":{"line":128,"column":53},"end":{"line":128,"column":90}},"36":{"start":{"line":133,"column":12},"end":{"line":146,"column":13}},"37":{"start":{"line":139,"column":53},"end":{"line":139,"column":90}},"38":{"start":{"line":142,"column":94},"end":{"line":142,"column":126}},"39":{"start":{"line":149,"column":8},"end":{"line":188,"column":9}},"40":{"start":{"line":150,"column":12},"end":{"line":159,"column":13}},"41":{"start":{"line":156,"column":53},"end":{"line":156,"column":90}},"42":{"start":{"line":160,"column":14},"end":{"line":188,"column":9}},"43":{"start":{"line":161,"column":12},"end":{"line":173,"column":13}},"44":{"start":{"line":167,"column":53},"end":{"line":167,"column":90}},"45":{"start":{"line":169,"column":94},"end":{"line":169,"column":126}},"46":{"start":{"line":175,"column":12},"end":{"line":187,"column":13}},"47":{"start":{"line":181,"column":53},"end":{"line":181,"column":90}},"48":{"start":{"line":183,"column":94},"end":{"line":183,"column":126}}},"fnMap":{"0":{"name":"QuestionRow","decl":{"start":{"line":78,"column":9},"end":{"line":78,"column":20}},"loc":{"start":{"line":78,"column":175},"end":{"line":191,"column":1}},"line":78},"1":{"name":"routeChangeToSingleQuestion","decl":{"start":{"line":106,"column":13},"end":{"line":106,"column":40}},"loc":{"start":{"line":106,"column":51},"end":{"line":112,"column":5}},"line":106},"2":{"name":"(anonymous_2)","decl":{"start":{"line":115,"column":33},"end":{"line":115,"column":34}},"loc":{"start":{"line":115,"column":44},"end":{"line":118,"column":5}},"line":115},"3":{"name":"(anonymous_3)","decl":{"start":{"line":128,"column":47},"end":{"line":128,"column":48}},"loc":{"start":{"line":128,"column":53},"end":{"line":128,"column":90}},"line":128},"4":{"name":"(anonymous_4)","decl":{"start":{"line":139,"column":47},"end":{"line":139,"column":48}},"loc":{"start":{"line":139,"column":53},"end":{"line":139,"column":90}},"line":139},"5":{"name":"(anonymous_5)","decl":{"start":{"line":142,"column":88},"end":{"line":142,"column":89}},"loc":{"start":{"line":142,"column":94},"end":{"line":142,"column":126}},"line":142},"6":{"name":"(anonymous_6)","decl":{"start":{"line":156,"column":47},"end":{"line":156,"column":48}},"loc":{"start":{"line":156,"column":53},"end":{"line":156,"column":90}},"line":156},"7":{"name":"(anonymous_7)","decl":{"start":{"line":167,"column":47},"end":{"line":167,"column":48}},"loc":{"start":{"line":167,"column":53},"end":{"line":167,"column":90}},"line":167},"8":{"name":"(anonymous_8)","decl":{"start":{"line":169,"column":88},"end":{"line":169,"column":89}},"loc":{"start":{"line":169,"column":94},"end":{"line":169,"column":126}},"line":169},"9":{"name":"(anonymous_9)","decl":{"start":{"line":181,"column":47},"end":{"line":181,"column":48}},"loc":{"start":{"line":181,"column":53},"end":{"line":181,"column":90}},"line":181},"10":{"name":"(anonymous_10)","decl":{"start":{"line":183,"column":88},"end":{"line":183,"column":89}},"loc":{"start":{"line":183,"column":94},"end":{"line":183,"column":126}},"line":183}},"branchMap":{"0":{"loc":{"start":{"line":120,"column":4},"end":{"line":189,"column":5}},"type":"if","locations":[{"start":{"line":120,"column":4},"end":{"line":189,"column":5}},{"start":{"line":148,"column":9},"end":{"line":189,"column":5}}],"line":120},"1":{"loc":{"start":{"line":121,"column":8},"end":{"line":147,"column":9}},"type":"if","locations":[{"start":{"line":121,"column":8},"end":{"line":147,"column":9}},{"start":{"line":132,"column":13},"end":{"line":147,"column":9}}],"line":121},"2":{"loc":{"start":{"line":149,"column":8},"end":{"line":188,"column":9}},"type":"if","locations":[{"start":{"line":149,"column":8},"end":{"line":188,"column":9}},{"start":{"line":160,"column":14},"end":{"line":188,"column":9}}],"line":149},"3":{"loc":{"start":{"line":160,"column":14},"end":{"line":188,"column":9}},"type":"if","locations":[{"start":{"line":160,"column":14},"end":{"line":188,"column":9}},{"start":{"line":174,"column":13},"end":{"line":188,"column":9}}],"line":160}},"s":{"0":3,"1":3,"2":3,"3":3,"4":3,"5":3,"6":3,"7":3,"8":3,"9":3,"10":3,"11":3,"12":3,"13":3,"14":3,"15":3,"16":3,"17":3,"18":3,"19":3,"20":3,"21":3,"22":3,"23":3,"24":6,"25":1,"26":1,"27":1,"28":1,"29":3,"30":0,"31":0,"32":3,"33":0,"34":0,"35":0,"36":0,"37":0,"38":0,"39":3,"40":0,"41":0,"42":3,"43":0,"44":0,"45":0,"46":3,"47":1,"48":0},"f":{"0":3,"1":1,"2":0,"3":0,"4":0,"5":0,"6":0,"7":0,"8":0,"9":1,"10":0},"b":{"0":[0,3],"1":[0,0],"2":[0,3],"3":[0,3]},"_coverageSchema":"1a1c01bbd47fc00a2c39e90264f33305004495a9","hash":"2fa6ff3fd412a78b64af3068c759f9c54e8b840c"}
,"/Users/jordan/Documents/GitHub/witsOverflow/src/components/answerArea.js": {"path":"/Users/jordan/Documents/GitHub/witsOverflow/src/components/answerArea.js","statementMap":{"0":{"start":{"line":12,"column":28},"end":{"line":17,"column":1}},"1":{"start":{"line":19,"column":23},"end":{"line":23,"column":1}},"2":{"start":{"line":25,"column":18},"end":{"line":31,"column":1}},"3":{"start":{"line":33,"column":27},"end":{"line":42,"column":1}},"4":{"start":{"line":43,"column":19},"end":{"line":45,"column":1}},"5":{"start":{"line":47,"column":17},"end":{"line":58,"column":1}},"6":{"start":{"line":60,"column":30},"end":{"line":64,"column":1}},"7":{"start":{"line":66,"column":19},"end":{"line":71,"column":1}},"8":{"start":{"line":73,"column":19},"end":{"line":77,"column":1}},"9":{"start":{"line":79,"column":21},"end":{"line":81,"column":1}},"10":{"start":{"line":83,"column":21},"end":{"line":90,"column":1}},"11":{"start":{"line":92,"column":27},"end":{"line":103,"column":1}},"12":{"start":{"line":105,"column":24},"end":{"line":109,"column":1}},"13":{"start":{"line":111,"column":14},"end":{"line":115,"column":1}},"14":{"start":{"line":117,"column":20},"end":{"line":124,"column":1}},"15":{"start":{"line":127,"column":19},"end":{"line":127,"column":32}},"16":{"start":{"line":130,"column":23},"end":{"line":130,"column":96}},"17":{"start":{"line":133,"column":38},"end":{"line":133,"column":51}},"18":{"start":{"line":134,"column":42},"end":{"line":134,"column":55}},"19":{"start":{"line":136,"column":23},"end":{"line":147,"column":5}},"20":{"start":{"line":137,"column":9},"end":{"line":146,"column":10}},"21":{"start":{"line":138,"column":12},"end":{"line":145,"column":15}},"22":{"start":{"line":139,"column":18},"end":{"line":139,"column":34}},"23":{"start":{"line":140,"column":20},"end":{"line":145,"column":15}},"24":{"start":{"line":141,"column":18},"end":{"line":141,"column":36}},"25":{"start":{"line":143,"column":18},"end":{"line":143,"column":38}},"26":{"start":{"line":144,"column":18},"end":{"line":144,"column":36}},"27":{"start":{"line":150,"column":25},"end":{"line":150,"column":89}},"28":{"start":{"line":151,"column":33},"end":{"line":151,"column":106}},"29":{"start":{"line":153,"column":42},"end":{"line":153,"column":54}},"30":{"start":{"line":155,"column":34},"end":{"line":155,"column":46}},"31":{"start":{"line":156,"column":22},"end":{"line":156,"column":24}},"32":{"start":{"line":158,"column":32},"end":{"line":169,"column":5}},"33":{"start":{"line":159,"column":26},"end":{"line":159,"column":33}},"34":{"start":{"line":160,"column":8},"end":{"line":160,"column":23}},"35":{"start":{"line":161,"column":8},"end":{"line":161,"column":27}},"36":{"start":{"line":163,"column":8},"end":{"line":167,"column":10}},"37":{"start":{"line":168,"column":8},"end":{"line":168,"column":38}},"38":{"start":{"line":172,"column":31},"end":{"line":172,"column":100}},"39":{"start":{"line":174,"column":38},"end":{"line":174,"column":50}},"40":{"start":{"line":177,"column":16},"end":{"line":177,"column":21}},"41":{"start":{"line":178,"column":15},"end":{"line":178,"column":17}},"42":{"start":{"line":179,"column":17},"end":{"line":179,"column":18}},"43":{"start":{"line":180,"column":18},"end":{"line":180,"column":20}},"44":{"start":{"line":182,"column":32},"end":{"line":182,"column":48}},"45":{"start":{"line":185,"column":4},"end":{"line":202,"column":17}},"46":{"start":{"line":186,"column":29},"end":{"line":199,"column":9}},"47":{"start":{"line":187,"column":12},"end":{"line":198,"column":13}},"48":{"start":{"line":189,"column":29},"end":{"line":189,"column":62}},"49":{"start":{"line":191,"column":37},"end":{"line":194,"column":19}},"50":{"start":{"line":191,"column":61},"end":{"line":194,"column":17}},"51":{"start":{"line":195,"column":16},"end":{"line":195,"column":43}},"52":{"start":{"line":197,"column":16},"end":{"line":197,"column":36}},"53":{"start":{"line":201,"column":8},"end":{"line":201,"column":23}},"54":{"start":{"line":205,"column":8},"end":{"line":216,"column":9}},"55":{"start":{"line":205,"column":21},"end":{"line":205,"column":22}},"56":{"start":{"line":206,"column":12},"end":{"line":209,"column":13}},"57":{"start":{"line":207,"column":16},"end":{"line":207,"column":29}},"58":{"start":{"line":208,"column":16},"end":{"line":208,"column":49}},"59":{"start":{"line":210,"column":12},"end":{"line":210,"column":41}},"60":{"start":{"line":211,"column":12},"end":{"line":215,"column":13}},"61":{"start":{"line":212,"column":16},"end":{"line":212,"column":28}},"62":{"start":{"line":213,"column":18},"end":{"line":215,"column":13}},"63":{"start":{"line":214,"column":16},"end":{"line":214,"column":28}},"64":{"start":{"line":219,"column":4},"end":{"line":222,"column":36}},"65":{"start":{"line":220,"column":8},"end":{"line":220,"column":21}},"66":{"start":{"line":221,"column":8},"end":{"line":221,"column":26}},"67":{"start":{"line":225,"column":22},"end":{"line":225,"column":75}},"68":{"start":{"line":227,"column":4},"end":{"line":229,"column":9}},"69":{"start":{"line":232,"column":34},"end":{"line":232,"column":58}},"70":{"start":{"line":234,"column":27},"end":{"line":240,"column":5}},"71":{"start":{"line":235,"column":8},"end":{"line":235,"column":29}},"72":{"start":{"line":236,"column":8},"end":{"line":236,"column":29}},"73":{"start":{"line":237,"column":8},"end":{"line":239,"column":11}},"74":{"start":{"line":243,"column":4},"end":{"line":260,"column":10}},"75":{"start":{"line":244,"column":31},"end":{"line":257,"column":9}},"76":{"start":{"line":245,"column":12},"end":{"line":256,"column":13}},"77":{"start":{"line":247,"column":29},"end":{"line":247,"column":64}},"78":{"start":{"line":249,"column":37},"end":{"line":252,"column":19}},"79":{"start":{"line":249,"column":61},"end":{"line":252,"column":17}},"80":{"start":{"line":253,"column":16},"end":{"line":253,"column":45}},"81":{"start":{"line":255,"column":16},"end":{"line":255,"column":36}},"82":{"start":{"line":259,"column":8},"end":{"line":259,"column":25}},"83":{"start":{"line":262,"column":31},"end":{"line":262,"column":33}},"84":{"start":{"line":264,"column":24},"end":{"line":278,"column":6}},"85":{"start":{"line":265,"column":21},"end":{"line":265,"column":26}},"86":{"start":{"line":266,"column":8},"end":{"line":268,"column":9}},"87":{"start":{"line":267,"column":12},"end":{"line":267,"column":26}},"88":{"start":{"line":270,"column":8},"end":{"line":277,"column":10}},"89":{"start":{"line":280,"column":17},"end":{"line":280,"column":28}},"90":{"start":{"line":283,"column":21},"end":{"line":311,"column":5}},"91":{"start":{"line":285,"column":8},"end":{"line":310,"column":9}},"92":{"start":{"line":287,"column":12},"end":{"line":290,"column":17}},"93":{"start":{"line":291,"column":12},"end":{"line":291,"column":30}},"94":{"start":{"line":292,"column":12},"end":{"line":292,"column":34}},"95":{"start":{"line":293,"column":14},"end":{"line":310,"column":9}},"96":{"start":{"line":295,"column":12},"end":{"line":298,"column":17}},"97":{"start":{"line":299,"column":12},"end":{"line":299,"column":28}},"98":{"start":{"line":300,"column":12},"end":{"line":300,"column":32}},"99":{"start":{"line":301,"column":12},"end":{"line":301,"column":34}},"100":{"start":{"line":303,"column":25},"end":{"line":306,"column":13}},"101":{"start":{"line":307,"column":12},"end":{"line":307,"column":43}},"102":{"start":{"line":308,"column":12},"end":{"line":308,"column":28}},"103":{"start":{"line":309,"column":12},"end":{"line":309,"column":34}},"104":{"start":{"line":314,"column":23},"end":{"line":342,"column":5}},"105":{"start":{"line":316,"column":8},"end":{"line":341,"column":9}},"106":{"start":{"line":318,"column":12},"end":{"line":321,"column":17}},"107":{"start":{"line":322,"column":12},"end":{"line":322,"column":32}},"108":{"start":{"line":323,"column":12},"end":{"line":323,"column":34}},"109":{"start":{"line":324,"column":14},"end":{"line":341,"column":9}},"110":{"start":{"line":326,"column":12},"end":{"line":329,"column":17}},"111":{"start":{"line":330,"column":12},"end":{"line":330,"column":30}},"112":{"start":{"line":331,"column":12},"end":{"line":331,"column":30}},"113":{"start":{"line":332,"column":12},"end":{"line":332,"column":34}},"114":{"start":{"line":334,"column":25},"end":{"line":337,"column":13}},"115":{"start":{"line":338,"column":12},"end":{"line":338,"column":43}},"116":{"start":{"line":339,"column":12},"end":{"line":339,"column":30}},"117":{"start":{"line":340,"column":12},"end":{"line":340,"column":34}},"118":{"start":{"line":344,"column":34},"end":{"line":344,"column":49}},"119":{"start":{"line":345,"column":44},"end":{"line":345,"column":56}},"120":{"start":{"line":348,"column":30},"end":{"line":350,"column":5}},"121":{"start":{"line":349,"column":8},"end":{"line":349,"column":29}},"122":{"start":{"line":353,"column":27},"end":{"line":361,"column":5}},"123":{"start":{"line":354,"column":8},"end":{"line":354,"column":51}},"124":{"start":{"line":355,"column":8},"end":{"line":355,"column":34}},"125":{"start":{"line":356,"column":8},"end":{"line":358,"column":13}},"126":{"start":{"line":359,"column":8},"end":{"line":359,"column":26}},"127":{"start":{"line":360,"column":8},"end":{"line":360,"column":38}},"128":{"start":{"line":364,"column":25},"end":{"line":366,"column":5}},"129":{"start":{"line":365,"column":8},"end":{"line":365,"column":29}},"130":{"start":{"line":368,"column":26},"end":{"line":368,"column":56}},"131":{"start":{"line":369,"column":25},"end":{"line":385,"column":5}},"132":{"start":{"line":370,"column":21},"end":{"line":372,"column":9}},"133":{"start":{"line":373,"column":24},"end":{"line":373,"column":51}},"134":{"start":{"line":374,"column":8},"end":{"line":380,"column":9}},"135":{"start":{"line":375,"column":12},"end":{"line":377,"column":15}},"136":{"start":{"line":379,"column":12},"end":{"line":379,"column":39}},"137":{"start":{"line":381,"column":8},"end":{"line":383,"column":11}},"138":{"start":{"line":384,"column":8},"end":{"line":384,"column":38}},"139":{"start":{"line":387,"column":32},"end":{"line":393,"column":5}},"140":{"start":{"line":388,"column":8},"end":{"line":388,"column":79}},"141":{"start":{"line":389,"column":8},"end":{"line":391,"column":11}},"142":{"start":{"line":392,"column":8},"end":{"line":392,"column":33}},"143":{"start":{"line":395,"column":33},"end":{"line":404,"column":5}},"144":{"start":{"line":396,"column":8},"end":{"line":398,"column":11}},"145":{"start":{"line":399,"column":8},"end":{"line":401,"column":11}},"146":{"start":{"line":402,"column":10},"end":{"line":402,"column":35}},"147":{"start":{"line":403,"column":10},"end":{"line":403,"column":40}},"148":{"start":{"line":406,"column":4},"end":{"line":737,"column":5}},"149":{"start":{"line":407,"column":8},"end":{"line":588,"column":9}},"150":{"start":{"line":408,"column":12},"end":{"line":437,"column":13}},"151":{"start":{"line":439,"column":13},"end":{"line":588,"column":9}},"152":{"start":{"line":440,"column":12},"end":{"line":479,"column":13}},"153":{"start":{"line":471,"column":49},"end":{"line":471,"column":75}},"154":{"start":{"line":480,"column":14},"end":{"line":588,"column":9}},"155":{"start":{"line":481,"column":12},"end":{"line":553,"column":13}},"156":{"start":{"line":482,"column":16},"end":{"line":513,"column":17}},"157":{"start":{"line":505,"column":53},"end":{"line":505,"column":79}},"158":{"start":{"line":515,"column":16},"end":{"line":552,"column":17}},"159":{"start":{"line":542,"column":57},"end":{"line":542,"column":88}},"160":{"start":{"line":555,"column":12},"end":{"line":587,"column":13}},"161":{"start":{"line":579,"column":49},"end":{"line":579,"column":75}},"162":{"start":{"line":590,"column":8},"end":{"line":736,"column":9}},"163":{"start":{"line":591,"column":12},"end":{"line":629,"column":13}},"164":{"start":{"line":621,"column":49},"end":{"line":621,"column":75}},"165":{"start":{"line":630,"column":14},"end":{"line":736,"column":9}},"166":{"start":{"line":631,"column":12},"end":{"line":702,"column":13}},"167":{"start":{"line":632,"column":16},"end":{"line":663,"column":17}},"168":{"start":{"line":655,"column":53},"end":{"line":655,"column":79}},"169":{"start":{"line":665,"column":16},"end":{"line":701,"column":17}},"170":{"start":{"line":691,"column":57},"end":{"line":691,"column":88}},"171":{"start":{"line":704,"column":12},"end":{"line":735,"column":13}},"172":{"start":{"line":727,"column":49},"end":{"line":727,"column":75}}},"fnMap":{"0":{"name":"AnswerArea","decl":{"start":{"line":126,"column":9},"end":{"line":126,"column":19}},"loc":{"start":{"line":126,"column":127},"end":{"line":738,"column":1}},"line":126},"1":{"name":"(anonymous_1)","decl":{"start":{"line":136,"column":23},"end":{"line":136,"column":24}},"loc":{"start":{"line":136,"column":35},"end":{"line":147,"column":5}},"line":136},"2":{"name":"(anonymous_2)","decl":{"start":{"line":158,"column":32},"end":{"line":158,"column":33}},"loc":{"start":{"line":158,"column":45},"end":{"line":169,"column":5}},"line":158},"3":{"name":"(anonymous_3)","decl":{"start":{"line":185,"column":14},"end":{"line":185,"column":15}},"loc":{"start":{"line":185,"column":20},"end":{"line":202,"column":5}},"line":185},"4":{"name":"(anonymous_4)","decl":{"start":{"line":186,"column":29},"end":{"line":186,"column":30}},"loc":{"start":{"line":186,"column":41},"end":{"line":199,"column":9}},"line":186},"5":{"name":"(anonymous_5)","decl":{"start":{"line":191,"column":51},"end":{"line":191,"column":52}},"loc":{"start":{"line":191,"column":61},"end":{"line":194,"column":17}},"line":191},"6":{"name":"(anonymous_6)","decl":{"start":{"line":219,"column":14},"end":{"line":219,"column":15}},"loc":{"start":{"line":219,"column":20},"end":{"line":222,"column":7}},"line":219},"7":{"name":"(anonymous_7)","decl":{"start":{"line":234,"column":27},"end":{"line":234,"column":28}},"loc":{"start":{"line":234,"column":40},"end":{"line":240,"column":5}},"line":234},"8":{"name":"(anonymous_8)","decl":{"start":{"line":243,"column":14},"end":{"line":243,"column":15}},"loc":{"start":{"line":243,"column":19},"end":{"line":260,"column":5}},"line":243},"9":{"name":"(anonymous_9)","decl":{"start":{"line":244,"column":31},"end":{"line":244,"column":32}},"loc":{"start":{"line":244,"column":43},"end":{"line":257,"column":9}},"line":244},"10":{"name":"(anonymous_10)","decl":{"start":{"line":249,"column":51},"end":{"line":249,"column":52}},"loc":{"start":{"line":249,"column":61},"end":{"line":252,"column":17}},"line":249},"11":{"name":"(anonymous_11)","decl":{"start":{"line":264,"column":40},"end":{"line":264,"column":41}},"loc":{"start":{"line":264,"column":54},"end":{"line":278,"column":5}},"line":264},"12":{"name":"(anonymous_12)","decl":{"start":{"line":283,"column":21},"end":{"line":283,"column":22}},"loc":{"start":{"line":283,"column":32},"end":{"line":311,"column":5}},"line":283},"13":{"name":"(anonymous_13)","decl":{"start":{"line":314,"column":23},"end":{"line":314,"column":24}},"loc":{"start":{"line":314,"column":34},"end":{"line":342,"column":5}},"line":314},"14":{"name":"(anonymous_14)","decl":{"start":{"line":348,"column":30},"end":{"line":348,"column":31}},"loc":{"start":{"line":348,"column":39},"end":{"line":350,"column":5}},"line":348},"15":{"name":"(anonymous_15)","decl":{"start":{"line":353,"column":27},"end":{"line":353,"column":28}},"loc":{"start":{"line":353,"column":36},"end":{"line":361,"column":5}},"line":353},"16":{"name":"(anonymous_16)","decl":{"start":{"line":364,"column":25},"end":{"line":364,"column":26}},"loc":{"start":{"line":364,"column":34},"end":{"line":366,"column":5}},"line":364},"17":{"name":"(anonymous_17)","decl":{"start":{"line":369,"column":25},"end":{"line":369,"column":26}},"loc":{"start":{"line":369,"column":36},"end":{"line":385,"column":5}},"line":369},"18":{"name":"(anonymous_18)","decl":{"start":{"line":387,"column":32},"end":{"line":387,"column":33}},"loc":{"start":{"line":387,"column":43},"end":{"line":393,"column":5}},"line":387},"19":{"name":"(anonymous_19)","decl":{"start":{"line":395,"column":33},"end":{"line":395,"column":34}},"loc":{"start":{"line":395,"column":44},"end":{"line":404,"column":5}},"line":395},"20":{"name":"(anonymous_20)","decl":{"start":{"line":471,"column":42},"end":{"line":471,"column":43}},"loc":{"start":{"line":471,"column":49},"end":{"line":471,"column":75}},"line":471},"21":{"name":"(anonymous_21)","decl":{"start":{"line":505,"column":46},"end":{"line":505,"column":47}},"loc":{"start":{"line":505,"column":53},"end":{"line":505,"column":79}},"line":505},"22":{"name":"(anonymous_22)","decl":{"start":{"line":542,"column":50},"end":{"line":542,"column":51}},"loc":{"start":{"line":542,"column":57},"end":{"line":542,"column":88}},"line":542},"23":{"name":"(anonymous_23)","decl":{"start":{"line":579,"column":42},"end":{"line":579,"column":43}},"loc":{"start":{"line":579,"column":49},"end":{"line":579,"column":75}},"line":579},"24":{"name":"(anonymous_24)","decl":{"start":{"line":621,"column":42},"end":{"line":621,"column":43}},"loc":{"start":{"line":621,"column":49},"end":{"line":621,"column":75}},"line":621},"25":{"name":"(anonymous_25)","decl":{"start":{"line":655,"column":46},"end":{"line":655,"column":47}},"loc":{"start":{"line":655,"column":53},"end":{"line":655,"column":79}},"line":655},"26":{"name":"(anonymous_26)","decl":{"start":{"line":691,"column":50},"end":{"line":691,"column":51}},"loc":{"start":{"line":691,"column":57},"end":{"line":691,"column":88}},"line":691},"27":{"name":"(anonymous_27)","decl":{"start":{"line":727,"column":42},"end":{"line":727,"column":43}},"loc":{"start":{"line":727,"column":49},"end":{"line":727,"column":75}},"line":727}},"branchMap":{"0":{"loc":{"start":{"line":137,"column":9},"end":{"line":146,"column":10}},"type":"if","locations":[{"start":{"line":137,"column":9},"end":{"line":146,"column":10}},{"start":{},"end":{}}],"line":137},"1":{"loc":{"start":{"line":138,"column":12},"end":{"line":145,"column":15}},"type":"if","locations":[{"start":{"line":138,"column":12},"end":{"line":145,"column":15}},{"start":{"line":140,"column":20},"end":{"line":145,"column":15}}],"line":138},"2":{"loc":{"start":{"line":140,"column":20},"end":{"line":145,"column":15}},"type":"if","locations":[{"start":{"line":140,"column":20},"end":{"line":145,"column":15}},{"start":{"line":142,"column":19},"end":{"line":145,"column":15}}],"line":140},"3":{"loc":{"start":{"line":206,"column":12},"end":{"line":209,"column":13}},"type":"if","locations":[{"start":{"line":206,"column":12},"end":{"line":209,"column":13}},{"start":{},"end":{}}],"line":206},"4":{"loc":{"start":{"line":211,"column":12},"end":{"line":215,"column":13}},"type":"if","locations":[{"start":{"line":211,"column":12},"end":{"line":215,"column":13}},{"start":{"line":213,"column":18},"end":{"line":215,"column":13}}],"line":211},"5":{"loc":{"start":{"line":213,"column":18},"end":{"line":215,"column":13}},"type":"if","locations":[{"start":{"line":213,"column":18},"end":{"line":215,"column":13}},{"start":{},"end":{}}],"line":213},"6":{"loc":{"start":{"line":266,"column":8},"end":{"line":268,"column":9}},"type":"if","locations":[{"start":{"line":266,"column":8},"end":{"line":268,"column":9}},{"start":{},"end":{}}],"line":266},"7":{"loc":{"start":{"line":285,"column":8},"end":{"line":310,"column":9}},"type":"if","locations":[{"start":{"line":285,"column":8},"end":{"line":310,"column":9}},{"start":{"line":293,"column":14},"end":{"line":310,"column":9}}],"line":285},"8":{"loc":{"start":{"line":293,"column":14},"end":{"line":310,"column":9}},"type":"if","locations":[{"start":{"line":293,"column":14},"end":{"line":310,"column":9}},{"start":{"line":302,"column":13},"end":{"line":310,"column":9}}],"line":293},"9":{"loc":{"start":{"line":316,"column":8},"end":{"line":341,"column":9}},"type":"if","locations":[{"start":{"line":316,"column":8},"end":{"line":341,"column":9}},{"start":{"line":324,"column":14},"end":{"line":341,"column":9}}],"line":316},"10":{"loc":{"start":{"line":324,"column":14},"end":{"line":341,"column":9}},"type":"if","locations":[{"start":{"line":324,"column":14},"end":{"line":341,"column":9}},{"start":{"line":333,"column":13},"end":{"line":341,"column":9}}],"line":324},"11":{"loc":{"start":{"line":374,"column":8},"end":{"line":380,"column":9}},"type":"if","locations":[{"start":{"line":374,"column":8},"end":{"line":380,"column":9}},{"start":{"line":378,"column":13},"end":{"line":380,"column":9}}],"line":374},"12":{"loc":{"start":{"line":406,"column":4},"end":{"line":737,"column":5}},"type":"if","locations":[{"start":{"line":406,"column":4},"end":{"line":737,"column":5}},{"start":{"line":589,"column":9},"end":{"line":737,"column":5}}],"line":406},"13":{"loc":{"start":{"line":407,"column":8},"end":{"line":588,"column":9}},"type":"if","locations":[{"start":{"line":407,"column":8},"end":{"line":588,"column":9}},{"start":{"line":439,"column":13},"end":{"line":588,"column":9}}],"line":407},"14":{"loc":{"start":{"line":410,"column":21},"end":{"line":412,"column":31}},"type":"cond-expr","locations":[{"start":{"line":411,"column":24},"end":{"line":411,"column":126}},{"start":{"line":412,"column":23},"end":{"line":412,"column":30}}],"line":410},"15":{"loc":{"start":{"line":439,"column":13},"end":{"line":588,"column":9}},"type":"if","locations":[{"start":{"line":439,"column":13},"end":{"line":588,"column":9}},{"start":{"line":480,"column":14},"end":{"line":588,"column":9}}],"line":439},"16":{"loc":{"start":{"line":480,"column":14},"end":{"line":588,"column":9}},"type":"if","locations":[{"start":{"line":480,"column":14},"end":{"line":588,"column":9}},{"start":{"line":554,"column":13},"end":{"line":588,"column":9}}],"line":480},"17":{"loc":{"start":{"line":481,"column":12},"end":{"line":553,"column":13}},"type":"if","locations":[{"start":{"line":481,"column":12},"end":{"line":553,"column":13}},{"start":{"line":514,"column":17},"end":{"line":553,"column":13}}],"line":481},"18":{"loc":{"start":{"line":484,"column":25},"end":{"line":486,"column":35}},"type":"cond-expr","locations":[{"start":{"line":485,"column":28},"end":{"line":485,"column":130}},{"start":{"line":486,"column":27},"end":{"line":486,"column":34}}],"line":484},"19":{"loc":{"start":{"line":517,"column":25},"end":{"line":519,"column":35}},"type":"cond-expr","locations":[{"start":{"line":518,"column":28},"end":{"line":518,"column":130}},{"start":{"line":519,"column":27},"end":{"line":519,"column":34}}],"line":517},"20":{"loc":{"start":{"line":557,"column":21},"end":{"line":559,"column":31}},"type":"cond-expr","locations":[{"start":{"line":558,"column":24},"end":{"line":558,"column":126}},{"start":{"line":559,"column":23},"end":{"line":559,"column":30}}],"line":557},"21":{"loc":{"start":{"line":590,"column":8},"end":{"line":736,"column":9}},"type":"if","locations":[{"start":{"line":590,"column":8},"end":{"line":736,"column":9}},{"start":{"line":630,"column":14},"end":{"line":736,"column":9}}],"line":590},"22":{"loc":{"start":{"line":630,"column":14},"end":{"line":736,"column":9}},"type":"if","locations":[{"start":{"line":630,"column":14},"end":{"line":736,"column":9}},{"start":{"line":703,"column":13},"end":{"line":736,"column":9}}],"line":630},"23":{"loc":{"start":{"line":631,"column":12},"end":{"line":702,"column":13}},"type":"if","locations":[{"start":{"line":631,"column":12},"end":{"line":702,"column":13}},{"start":{"line":664,"column":17},"end":{"line":702,"column":13}}],"line":631},"24":{"loc":{"start":{"line":634,"column":25},"end":{"line":636,"column":35}},"type":"cond-expr","locations":[{"start":{"line":635,"column":28},"end":{"line":635,"column":130}},{"start":{"line":636,"column":27},"end":{"line":636,"column":34}}],"line":634},"25":{"loc":{"start":{"line":667,"column":25},"end":{"line":669,"column":35}},"type":"cond-expr","locations":[{"start":{"line":668,"column":28},"end":{"line":668,"column":130}},{"start":{"line":669,"column":27},"end":{"line":669,"column":34}}],"line":667},"26":{"loc":{"start":{"line":706,"column":21},"end":{"line":708,"column":31}},"type":"cond-expr","locations":[{"start":{"line":707,"column":24},"end":{"line":707,"column":126}},{"start":{"line":708,"column":23},"end":{"line":708,"column":30}}],"line":706}},"s":{"0":3,"1":3,"2":3,"3":3,"4":3,"5":3,"6":3,"7":3,"8":3,"9":3,"10":3,"11":3,"12":3,"13":3,"14":3,"15":6,"16":6,"17":6,"18":6,"19":6,"20":6,"21":0,"22":0,"23":0,"24":0,"25":0,"26":0,"27":6,"28":6,"29":6,"30":6,"31":6,"32":6,"33":0,"34":0,"35":0,"36":0,"37":0,"38":6,"39":6,"40":6,"41":6,"42":6,"43":6,"44":6,"45":6,"46":6,"47":6,"48":6,"49":0,"50":0,"51":0,"52":0,"53":6,"54":6,"55":6,"56":0,"57":0,"58":0,"59":0,"60":0,"61":0,"62":0,"63":0,"64":6,"65":6,"66":6,"67":6,"68":6,"69":6,"70":6,"71":0,"72":0,"73":0,"74":6,"75":6,"76":6,"77":6,"78":0,"79":0,"80":0,"81":0,"82":6,"83":6,"84":6,"85":0,"86":0,"87":0,"88":0,"89":6,"90":6,"91":1,"92":0,"93":0,"94":0,"95":1,"96":0,"97":0,"98":0,"99":0,"100":1,"101":1,"102":0,"103":0,"104":6,"105":1,"106":0,"107":0,"108":0,"109":1,"110":0,"111":0,"112":0,"113":0,"114":1,"115":1,"116":0,"117":0,"118":6,"119":6,"120":6,"121":0,"122":6,"123":0,"124":0,"125":0,"126":0,"127":0,"128":6,"129":0,"130":6,"131":6,"132":0,"133":0,"134":0,"135":0,"136":0,"137":0,"138":0,"139":6,"140":0,"141":0,"142":0,"143":6,"144":0,"145":0,"146":0,"147":0,"148":6,"149":1,"150":1,"151":0,"152":0,"153":0,"154":0,"155":0,"156":0,"157":0,"158":0,"159":0,"160":0,"161":0,"162":5,"163":0,"164":0,"165":5,"166":0,"167":0,"168":0,"169":0,"170":0,"171":5,"172":0},"f":{"0":6,"1":6,"2":0,"3":6,"4":6,"5":0,"6":6,"7":0,"8":6,"9":6,"10":0,"11":0,"12":1,"13":1,"14":0,"15":0,"16":0,"17":0,"18":0,"19":0,"20":0,"21":0,"22":0,"23":0,"24":0,"25":0,"26":0,"27":0},"b":{"0":[0,6],"1":[0,0],"2":[0,0],"3":[0,0],"4":[0,0],"5":[0,0],"6":[0,0],"7":[0,1],"8":[0,1],"9":[0,1],"10":[0,1],"11":[0,0],"12":[1,5],"13":[1,0],"14":[1,0],"15":[0,0],"16":[0,0],"17":[0,0],"18":[0,0],"19":[0,0],"20":[0,0],"21":[0,5],"22":[0,5],"23":[0,0],"24":[0,0],"25":[0,0],"26":[5,0]},"_coverageSchema":"1a1c01bbd47fc00a2c39e90264f33305004495a9","hash":"c26fd6178cac5d892beca8bf8a53ccc7f9cc1dd2"}
,"/Users/jordan/Documents/GitHub/witsOverflow/src/components/commentsArea.js": {"path":"/Users/jordan/Documents/GitHub/witsOverflow/src/components/commentsArea.js","statementMap":{"0":{"start":{"line":5,"column":30},"end":{"line":9,"column":1}},"1":{"start":{"line":11,"column":16},"end":{"line":16,"column":1}},"2":{"start":{"line":18,"column":19},"end":{"line":23,"column":1}},"3":{"start":{"line":25,"column":19},"end":{"line":29,"column":1}},"4":{"start":{"line":31,"column":21},"end":{"line":33,"column":1}},"5":{"start":{"line":37,"column":34},"end":{"line":37,"column":46}},"6":{"start":{"line":39,"column":32},"end":{"line":44,"column":5}},"7":{"start":{"line":40,"column":8},"end":{"line":40,"column":27}},"8":{"start":{"line":41,"column":8},"end":{"line":41,"column":29}},"9":{"start":{"line":42,"column":8},"end":{"line":42,"column":26}},"10":{"start":{"line":43,"column":8},"end":{"line":43,"column":29}},"11":{"start":{"line":47,"column":31},"end":{"line":47,"column":33}},"12":{"start":{"line":48,"column":4},"end":{"line":53,"column":5}},"13":{"start":{"line":48,"column":17},"end":{"line":48,"column":18}},"14":{"start":{"line":50,"column":8},"end":{"line":52,"column":10}},"15":{"start":{"line":56,"column":4},"end":{"line":68,"column":5}},"16":{"start":{"line":63,"column":33},"end":{"line":63,"column":59}}},"fnMap":{"0":{"name":"CommentsArea","decl":{"start":{"line":35,"column":9},"end":{"line":35,"column":21}},"loc":{"start":{"line":35,"column":40},"end":{"line":69,"column":1}},"line":35},"1":{"name":"(anonymous_1)","decl":{"start":{"line":39,"column":32},"end":{"line":39,"column":33}},"loc":{"start":{"line":39,"column":45},"end":{"line":44,"column":5}},"line":39},"2":{"name":"(anonymous_2)","decl":{"start":{"line":63,"column":26},"end":{"line":63,"column":27}},"loc":{"start":{"line":63,"column":33},"end":{"line":63,"column":59}},"line":63}},"branchMap":{},"s":{"0":1,"1":1,"2":1,"3":1,"4":1,"5":2,"6":2,"7":1,"8":1,"9":1,"10":1,"11":2,"12":2,"13":2,"14":4,"15":2,"16":1},"f":{"0":2,"1":1,"2":1},"b":{},"_coverageSchema":"1a1c01bbd47fc00a2c39e90264f33305004495a9","hash":"51ab52953b9bd0a45cb31f90d379722dd33b859d"}
,"/Users/jordan/Documents/GitHub/witsOverflow/src/components/header.js": {"path":"/Users/jordan/Documents/GitHub/witsOverflow/src/components/header.js","statementMap":{"0":{"start":{"line":11,"column":21},"end":{"line":15,"column":3}},"1":{"start":{"line":18,"column":17},"end":{"line":36,"column":3}},"2":{"start":{"line":39,"column":24},"end":{"line":53,"column":3}},"3":{"start":{"line":55,"column":23},"end":{"line":57,"column":3}},"4":{"start":{"line":60,"column":20},"end":{"line":64,"column":3}},"5":{"start":{"line":67,"column":23},"end":{"line":71,"column":4}},"6":{"start":{"line":74,"column":25},"end":{"line":77,"column":3}},"7":{"start":{"line":80,"column":26},"end":{"line":86,"column":3}},"8":{"start":{"line":90,"column":16},"end":{"line":90,"column":51}},"9":{"start":{"line":91,"column":2},"end":{"line":155,"column":3}},"10":{"start":{"line":93,"column":4},"end":{"line":105,"column":6}},"11":{"start":{"line":106,"column":8},"end":{"line":155,"column":3}},"12":{"start":{"line":107,"column":4},"end":{"line":130,"column":6}},"13":{"start":{"line":133,"column":4},"end":{"line":154,"column":6}}},"fnMap":{"0":{"name":"Header","decl":{"start":{"line":89,"column":9},"end":{"line":89,"column":15}},"loc":{"start":{"line":89,"column":17},"end":{"line":156,"column":1}},"line":89}},"branchMap":{"0":{"loc":{"start":{"line":91,"column":2},"end":{"line":155,"column":3}},"type":"if","locations":[{"start":{"line":91,"column":2},"end":{"line":155,"column":3}},{"start":{"line":106,"column":8},"end":{"line":155,"column":3}}],"line":91},"1":{"loc":{"start":{"line":106,"column":8},"end":{"line":155,"column":3}},"type":"if","locations":[{"start":{"line":106,"column":8},"end":{"line":155,"column":3}},{"start":{"line":131,"column":7},"end":{"line":155,"column":3}}],"line":106}},"s":{"0":1,"1":1,"2":1,"3":1,"4":1,"5":1,"6":1,"7":1,"8":2,"9":2,"10":1,"11":1,"12":1,"13":0},"f":{"0":2},"b":{"0":[1,1],"1":[1,0]},"_coverageSchema":"1a1c01bbd47fc00a2c39e90264f33305004495a9","hash":"afb66be2dd6cc880290cede9584bc7b8a01efbd5"}
,"/Users/jordan/Documents/GitHub/witsOverflow/src/components/singleQuestionPageQuestion.js": {"path":"/Users/jordan/Documents/GitHub/witsOverflow/src/components/singleQuestionPageQuestion.js","statementMap":{"0":{"start":{"line":12,"column":21},"end":{"line":16,"column":1}},"1":{"start":{"line":18,"column":17},"end":{"line":29,"column":1}},"2":{"start":{"line":31,"column":25},"end":{"line":35,"column":1}},"3":{"start":{"line":37,"column":18},"end":{"line":43,"column":1}},"4":{"start":{"line":45,"column":27},"end":{"line":54,"column":1}},"5":{"start":{"line":56,"column":14},"end":{"line":63,"column":1}},"6":{"start":{"line":65,"column":18},"end":{"line":69,"column":1}},"7":{"start":{"line":71,"column":21},"end":{"line":84,"column":1}},"8":{"start":{"line":86,"column":25},"end":{"line":89,"column":1}},"9":{"start":{"line":91,"column":19},"end":{"line":93,"column":1}},"10":{"start":{"line":95,"column":30},"end":{"line":99,"column":1}},"11":{"start":{"line":101,"column":19},"end":{"line":106,"column":1}},"12":{"start":{"line":108,"column":19},"end":{"line":112,"column":1}},"13":{"start":{"line":114,"column":21},"end":{"line":116,"column":1}},"14":{"start":{"line":118,"column":17},"end":{"line":120,"column":1}},"15":{"start":{"line":122,"column":20},"end":{"line":129,"column":1}},"16":{"start":{"line":130,"column":21},"end":{"line":137,"column":1}},"17":{"start":{"line":140,"column":19},"end":{"line":140,"column":32}},"18":{"start":{"line":141,"column":23},"end":{"line":141,"column":75}},"19":{"start":{"line":142,"column":25},"end":{"line":142,"column":64}},"20":{"start":{"line":143,"column":32},"end":{"line":143,"column":47}},"21":{"start":{"line":145,"column":38},"end":{"line":145,"column":51}},"22":{"start":{"line":146,"column":42},"end":{"line":146,"column":55}},"23":{"start":{"line":147,"column":23},"end":{"line":158,"column":5}},"24":{"start":{"line":148,"column":8},"end":{"line":157,"column":9}},"25":{"start":{"line":149,"column":12},"end":{"line":156,"column":13}},"26":{"start":{"line":150,"column":16},"end":{"line":150,"column":32}},"27":{"start":{"line":151,"column":18},"end":{"line":156,"column":13}},"28":{"start":{"line":152,"column":16},"end":{"line":152,"column":34}},"29":{"start":{"line":154,"column":16},"end":{"line":154,"column":36}},"30":{"start":{"line":155,"column":16},"end":{"line":155,"column":34}},"31":{"start":{"line":160,"column":42},"end":{"line":160,"column":54}},"32":{"start":{"line":161,"column":4},"end":{"line":175,"column":10}},"33":{"start":{"line":162,"column":31},"end":{"line":173,"column":9}},"34":{"start":{"line":163,"column":12},"end":{"line":172,"column":13}},"35":{"start":{"line":164,"column":29},"end":{"line":164,"column":64}},"36":{"start":{"line":165,"column":37},"end":{"line":168,"column":19}},"37":{"start":{"line":165,"column":61},"end":{"line":168,"column":17}},"38":{"start":{"line":169,"column":16},"end":{"line":169,"column":45}},"39":{"start":{"line":171,"column":16},"end":{"line":171,"column":36}},"40":{"start":{"line":174,"column":8},"end":{"line":174,"column":25}},"41":{"start":{"line":177,"column":4},"end":{"line":180,"column":18}},"42":{"start":{"line":178,"column":8},"end":{"line":178,"column":21}},"43":{"start":{"line":179,"column":8},"end":{"line":179,"column":25}},"44":{"start":{"line":182,"column":31},"end":{"line":182,"column":33}},"45":{"start":{"line":183,"column":24},"end":{"line":196,"column":6}},"46":{"start":{"line":184,"column":21},"end":{"line":184,"column":26}},"47":{"start":{"line":185,"column":8},"end":{"line":187,"column":9}},"48":{"start":{"line":186,"column":12},"end":{"line":186,"column":26}},"49":{"start":{"line":188,"column":8},"end":{"line":195,"column":10}},"50":{"start":{"line":197,"column":17},"end":{"line":197,"column":28}},"51":{"start":{"line":199,"column":34},"end":{"line":199,"column":46}},"52":{"start":{"line":200,"column":33},"end":{"line":200,"column":85}},"53":{"start":{"line":201,"column":32},"end":{"line":210,"column":5}},"54":{"start":{"line":202,"column":8},"end":{"line":202,"column":27}},"55":{"start":{"line":203,"column":26},"end":{"line":203,"column":33}},"56":{"start":{"line":204,"column":8},"end":{"line":204,"column":23}},"57":{"start":{"line":205,"column":8},"end":{"line":208,"column":10}},"58":{"start":{"line":209,"column":8},"end":{"line":209,"column":38}},"59":{"start":{"line":212,"column":21},"end":{"line":237,"column":5}},"60":{"start":{"line":213,"column":8},"end":{"line":236,"column":9}},"61":{"start":{"line":214,"column":12},"end":{"line":217,"column":17}},"62":{"start":{"line":218,"column":12},"end":{"line":218,"column":30}},"63":{"start":{"line":219,"column":12},"end":{"line":219,"column":34}},"64":{"start":{"line":220,"column":14},"end":{"line":236,"column":9}},"65":{"start":{"line":221,"column":12},"end":{"line":224,"column":17}},"66":{"start":{"line":225,"column":12},"end":{"line":225,"column":28}},"67":{"start":{"line":226,"column":12},"end":{"line":226,"column":32}},"68":{"start":{"line":227,"column":12},"end":{"line":227,"column":34}},"69":{"start":{"line":229,"column":25},"end":{"line":232,"column":13}},"70":{"start":{"line":233,"column":12},"end":{"line":233,"column":43}},"71":{"start":{"line":234,"column":12},"end":{"line":234,"column":28}},"72":{"start":{"line":235,"column":12},"end":{"line":235,"column":34}},"73":{"start":{"line":239,"column":23},"end":{"line":264,"column":5}},"74":{"start":{"line":240,"column":8},"end":{"line":263,"column":9}},"75":{"start":{"line":241,"column":12},"end":{"line":244,"column":17}},"76":{"start":{"line":245,"column":12},"end":{"line":245,"column":32}},"77":{"start":{"line":246,"column":12},"end":{"line":246,"column":34}},"78":{"start":{"line":247,"column":14},"end":{"line":263,"column":9}},"79":{"start":{"line":248,"column":12},"end":{"line":251,"column":17}},"80":{"start":{"line":252,"column":12},"end":{"line":252,"column":30}},"81":{"start":{"line":253,"column":12},"end":{"line":253,"column":30}},"82":{"start":{"line":254,"column":12},"end":{"line":254,"column":34}},"83":{"start":{"line":256,"column":25},"end":{"line":259,"column":13}},"84":{"start":{"line":260,"column":12},"end":{"line":260,"column":43}},"85":{"start":{"line":261,"column":12},"end":{"line":261,"column":30}},"86":{"start":{"line":262,"column":12},"end":{"line":262,"column":34}},"87":{"start":{"line":266,"column":33},"end":{"line":269,"column":5}},"88":{"start":{"line":267,"column":18},"end":{"line":267,"column":32}},"89":{"start":{"line":268,"column":8},"end":{"line":268,"column":40}},"90":{"start":{"line":271,"column":26},"end":{"line":271,"column":56}},"91":{"start":{"line":272,"column":35},"end":{"line":272,"column":67}},"92":{"start":{"line":273,"column":27},"end":{"line":282,"column":5}},"93":{"start":{"line":274,"column":21},"end":{"line":276,"column":9}},"94":{"start":{"line":277,"column":8},"end":{"line":277,"column":42}},"95":{"start":{"line":278,"column":8},"end":{"line":280,"column":11}},"96":{"start":{"line":281,"column":8},"end":{"line":281,"column":35}},"97":{"start":{"line":284,"column":32},"end":{"line":288,"column":5}},"98":{"start":{"line":285,"column":8},"end":{"line":285,"column":58}},"99":{"start":{"line":286,"column":8},"end":{"line":286,"column":56}},"100":{"start":{"line":287,"column":8},"end":{"line":287,"column":33}},"101":{"start":{"line":290,"column":33},"end":{"line":296,"column":5}},"102":{"start":{"line":291,"column":8},"end":{"line":293,"column":13}},"103":{"start":{"line":294,"column":8},"end":{"line":294,"column":33}},"104":{"start":{"line":295,"column":8},"end":{"line":295,"column":38}},"105":{"start":{"line":299,"column":4},"end":{"line":415,"column":5}},"106":{"start":{"line":300,"column":8},"end":{"line":377,"column":9}},"107":{"start":{"line":301,"column":12},"end":{"line":339,"column":13}},"108":{"start":{"line":307,"column":76},"end":{"line":307,"column":107}},"109":{"start":{"line":331,"column":49},"end":{"line":331,"column":75}},"110":{"start":{"line":341,"column":12},"end":{"line":376,"column":13}},"111":{"start":{"line":347,"column":76},"end":{"line":347,"column":107}},"112":{"start":{"line":368,"column":49},"end":{"line":368,"column":75}},"113":{"start":{"line":379,"column":8},"end":{"line":414,"column":9}},"114":{"start":{"line":384,"column":72},"end":{"line":384,"column":103}},"115":{"start":{"line":406,"column":45},"end":{"line":406,"column":71}}},"fnMap":{"0":{"name":"SingleQuestionPageQuestion","decl":{"start":{"line":139,"column":9},"end":{"line":139,"column":35}},"loc":{"start":{"line":139,"column":171},"end":{"line":416,"column":1}},"line":139},"1":{"name":"(anonymous_1)","decl":{"start":{"line":147,"column":23},"end":{"line":147,"column":24}},"loc":{"start":{"line":147,"column":35},"end":{"line":158,"column":5}},"line":147},"2":{"name":"(anonymous_2)","decl":{"start":{"line":161,"column":14},"end":{"line":161,"column":15}},"loc":{"start":{"line":161,"column":19},"end":{"line":175,"column":5}},"line":161},"3":{"name":"(anonymous_3)","decl":{"start":{"line":162,"column":31},"end":{"line":162,"column":32}},"loc":{"start":{"line":162,"column":43},"end":{"line":173,"column":9}},"line":162},"4":{"name":"(anonymous_4)","decl":{"start":{"line":165,"column":51},"end":{"line":165,"column":52}},"loc":{"start":{"line":165,"column":61},"end":{"line":168,"column":17}},"line":165},"5":{"name":"(anonymous_5)","decl":{"start":{"line":177,"column":14},"end":{"line":177,"column":15}},"loc":{"start":{"line":177,"column":20},"end":{"line":180,"column":7}},"line":177},"6":{"name":"(anonymous_6)","decl":{"start":{"line":183,"column":40},"end":{"line":183,"column":41}},"loc":{"start":{"line":183,"column":54},"end":{"line":196,"column":5}},"line":183},"7":{"name":"(anonymous_7)","decl":{"start":{"line":201,"column":32},"end":{"line":201,"column":33}},"loc":{"start":{"line":201,"column":45},"end":{"line":210,"column":5}},"line":201},"8":{"name":"(anonymous_8)","decl":{"start":{"line":212,"column":21},"end":{"line":212,"column":22}},"loc":{"start":{"line":212,"column":32},"end":{"line":237,"column":5}},"line":212},"9":{"name":"(anonymous_9)","decl":{"start":{"line":239,"column":23},"end":{"line":239,"column":24}},"loc":{"start":{"line":239,"column":34},"end":{"line":264,"column":5}},"line":239},"10":{"name":"(anonymous_10)","decl":{"start":{"line":266,"column":33},"end":{"line":266,"column":34}},"loc":{"start":{"line":266,"column":44},"end":{"line":269,"column":5}},"line":266},"11":{"name":"(anonymous_11)","decl":{"start":{"line":273,"column":27},"end":{"line":273,"column":28}},"loc":{"start":{"line":273,"column":38},"end":{"line":282,"column":5}},"line":273},"12":{"name":"(anonymous_12)","decl":{"start":{"line":284,"column":32},"end":{"line":284,"column":33}},"loc":{"start":{"line":284,"column":43},"end":{"line":288,"column":5}},"line":284},"13":{"name":"(anonymous_13)","decl":{"start":{"line":290,"column":33},"end":{"line":290,"column":34}},"loc":{"start":{"line":290,"column":44},"end":{"line":296,"column":5}},"line":290},"14":{"name":"(anonymous_14)","decl":{"start":{"line":307,"column":70},"end":{"line":307,"column":71}},"loc":{"start":{"line":307,"column":76},"end":{"line":307,"column":107}},"line":307},"15":{"name":"(anonymous_15)","decl":{"start":{"line":331,"column":42},"end":{"line":331,"column":43}},"loc":{"start":{"line":331,"column":49},"end":{"line":331,"column":75}},"line":331},"16":{"name":"(anonymous_16)","decl":{"start":{"line":347,"column":70},"end":{"line":347,"column":71}},"loc":{"start":{"line":347,"column":76},"end":{"line":347,"column":107}},"line":347},"17":{"name":"(anonymous_17)","decl":{"start":{"line":368,"column":42},"end":{"line":368,"column":43}},"loc":{"start":{"line":368,"column":49},"end":{"line":368,"column":75}},"line":368},"18":{"name":"(anonymous_18)","decl":{"start":{"line":384,"column":66},"end":{"line":384,"column":67}},"loc":{"start":{"line":384,"column":72},"end":{"line":384,"column":103}},"line":384},"19":{"name":"(anonymous_19)","decl":{"start":{"line":406,"column":38},"end":{"line":406,"column":39}},"loc":{"start":{"line":406,"column":45},"end":{"line":406,"column":71}},"line":406}},"branchMap":{"0":{"loc":{"start":{"line":148,"column":8},"end":{"line":157,"column":9}},"type":"if","locations":[{"start":{"line":148,"column":8},"end":{"line":157,"column":9}},{"start":{},"end":{}}],"line":148},"1":{"loc":{"start":{"line":149,"column":12},"end":{"line":156,"column":13}},"type":"if","locations":[{"start":{"line":149,"column":12},"end":{"line":156,"column":13}},{"start":{"line":151,"column":18},"end":{"line":156,"column":13}}],"line":149},"2":{"loc":{"start":{"line":151,"column":18},"end":{"line":156,"column":13}},"type":"if","locations":[{"start":{"line":151,"column":18},"end":{"line":156,"column":13}},{"start":{"line":153,"column":17},"end":{"line":156,"column":13}}],"line":151},"3":{"loc":{"start":{"line":185,"column":8},"end":{"line":187,"column":9}},"type":"if","locations":[{"start":{"line":185,"column":8},"end":{"line":187,"column":9}},{"start":{},"end":{}}],"line":185},"4":{"loc":{"start":{"line":213,"column":8},"end":{"line":236,"column":9}},"type":"if","locations":[{"start":{"line":213,"column":8},"end":{"line":236,"column":9}},{"start":{"line":220,"column":14},"end":{"line":236,"column":9}}],"line":213},"5":{"loc":{"start":{"line":220,"column":14},"end":{"line":236,"column":9}},"type":"if","locations":[{"start":{"line":220,"column":14},"end":{"line":236,"column":9}},{"start":{"line":228,"column":13},"end":{"line":236,"column":9}}],"line":220},"6":{"loc":{"start":{"line":240,"column":8},"end":{"line":263,"column":9}},"type":"if","locations":[{"start":{"line":240,"column":8},"end":{"line":263,"column":9}},{"start":{"line":247,"column":14},"end":{"line":263,"column":9}}],"line":240},"7":{"loc":{"start":{"line":247,"column":14},"end":{"line":263,"column":9}},"type":"if","locations":[{"start":{"line":247,"column":14},"end":{"line":263,"column":9}},{"start":{"line":255,"column":13},"end":{"line":263,"column":9}}],"line":247},"8":{"loc":{"start":{"line":299,"column":4},"end":{"line":415,"column":5}},"type":"if","locations":[{"start":{"line":299,"column":4},"end":{"line":415,"column":5}},{"start":{"line":378,"column":9},"end":{"line":415,"column":5}}],"line":299},"9":{"loc":{"start":{"line":300,"column":8},"end":{"line":377,"column":9}},"type":"if","locations":[{"start":{"line":300,"column":8},"end":{"line":377,"column":9}},{"start":{"line":340,"column":13},"end":{"line":377,"column":9}}],"line":300}},"s":{"0":2,"1":2,"2":2,"3":2,"4":2,"5":2,"6":2,"7":2,"8":2,"9":2,"10":2,"11":2,"12":2,"13":2,"14":2,"15":2,"16":2,"17":4,"18":4,"19":4,"20":4,"21":4,"22":4,"23":4,"24":2,"25":0,"26":0,"27":0,"28":0,"29":0,"30":0,"31":4,"32":4,"33":2,"34":2,"35":2,"36":2,"37":0,"38":0,"39":2,"40":2,"41":4,"42":2,"43":2,"44":4,"45":4,"46":0,"47":0,"48":0,"49":0,"50":4,"51":4,"52":4,"53":4,"54":0,"55":0,"56":0,"57":0,"58":0,"59":4,"60":0,"61":0,"62":0,"63":0,"64":0,"65":0,"66":0,"67":0,"68":0,"69":0,"70":0,"71":0,"72":0,"73":4,"74":0,"75":0,"76":0,"77":0,"78":0,"79":0,"80":0,"81":0,"82":0,"83":0,"84":0,"85":0,"86":0,"87":4,"88":0,"89":0,"90":4,"91":4,"92":4,"93":0,"94":0,"95":0,"96":0,"97":4,"98":0,"99":0,"100":0,"101":4,"102":0,"103":0,"104":0,"105":4,"106":0,"107":0,"108":0,"109":0,"110":0,"111":0,"112":0,"113":4,"114":0,"115":0},"f":{"0":4,"1":2,"2":2,"3":2,"4":0,"5":2,"6":0,"7":0,"8":0,"9":0,"10":0,"11":0,"12":0,"13":0,"14":0,"15":0,"16":0,"17":0,"18":0,"19":0},"b":{"0":[0,2],"1":[0,0],"2":[0,0],"3":[0,0],"4":[0,0],"5":[0,0],"6":[0,0],"7":[0,0],"8":[0,4],"9":[0,0]},"_coverageSchema":"1a1c01bbd47fc00a2c39e90264f33305004495a9","hash":"cd8f963a94937c99d00f3141d2c2a680dd3745bf"}
,"/Users/jordan/Documents/GitHub/witsOverflow/src/components/styledButton.js": {"path":"/Users/jordan/Documents/GitHub/witsOverflow/src/components/styledButton.js","statementMap":{"0":{"start":{"line":3,"column":21},"end":{"line":10,"column":1}}},"fnMap":{},"branchMap":{},"s":{"0":4},"f":{},"b":{},"_coverageSchema":"1a1c01bbd47fc00a2c39e90264f33305004495a9","hash":"995bc7ec39cdb030a4db2c7790cc3614b89a2f7c"}
,"/Users/jordan/Documents/GitHub/witsOverflow/src/firebase-config/firebase.js": {"path":"/Users/jordan/Documents/GitHub/witsOverflow/src/firebase-config/firebase.js","statementMap":{"0":{"start":{"line":11,"column":23},"end":{"line":19,"column":1}},"1":{"start":{"line":22,"column":19},"end":{"line":22,"column":48}},"2":{"start":{"line":23,"column":20},"end":{"line":23,"column":32}},"3":{"start":{"line":24,"column":19},"end":{"line":24,"column":36}}},"fnMap":{},"branchMap":{},"s":{"0":6,"1":6,"2":6,"3":6},"f":{},"b":{},"_coverageSchema":"1a1c01bbd47fc00a2c39e90264f33305004495a9","hash":"c2ac758fdeb313b9c078d4d8fd80fbe560133807"}
,"/Users/jordan/Documents/GitHub/witsOverflow/src/pages/askPage.js": {"path":"/Users/jordan/Documents/GitHub/witsOverflow/src/pages/askPage.js","statementMap":{"0":{"start":{"line":9,"column":18},"end":{"line":14,"column":1}},"1":{"start":{"line":16,"column":27},"end":{"line":25,"column":1}},"2":{"start":{"line":27,"column":29},"end":{"line":38,"column":1}},"3":{"start":{"line":40,"column":21},"end":{"line":44,"column":1}},"4":{"start":{"line":46,"column":18},"end":{"line":49,"column":1}},"5":{"start":{"line":51,"column":20},"end":{"line":54,"column":1}},"6":{"start":{"line":56,"column":21},"end":{"line":66,"column":1}},"7":{"start":{"line":68,"column":19},"end":{"line":73,"column":1}},"8":{"start":{"line":77,"column":34},"end":{"line":77,"column":61}},"9":{"start":{"line":79,"column":21},"end":{"line":79,"column":34}},"10":{"start":{"line":80,"column":18},"end":{"line":80,"column":53}},"11":{"start":{"line":82,"column":30},"end":{"line":82,"column":42}},"12":{"start":{"line":83,"column":28},"end":{"line":83,"column":40}},"13":{"start":{"line":85,"column":25},"end":{"line":97,"column":5}},"14":{"start":{"line":86,"column":8},"end":{"line":86,"column":27}},"15":{"start":{"line":87,"column":8},"end":{"line":94,"column":10}},"16":{"start":{"line":95,"column":8},"end":{"line":95,"column":33}},"17":{"start":{"line":96,"column":8},"end":{"line":96,"column":52}},"18":{"start":{"line":98,"column":4},"end":{"line":127,"column":6}},"19":{"start":{"line":110,"column":41},"end":{"line":110,"column":65}},"20":{"start":{"line":117,"column":41},"end":{"line":117,"column":64}}},"fnMap":{"0":{"name":"AskPage","decl":{"start":{"line":75,"column":24},"end":{"line":75,"column":31}},"loc":{"start":{"line":75,"column":34},"end":{"line":129,"column":1}},"line":75},"1":{"name":"(anonymous_1)","decl":{"start":{"line":85,"column":25},"end":{"line":85,"column":26}},"loc":{"start":{"line":85,"column":38},"end":{"line":97,"column":5}},"line":85},"2":{"name":"(anonymous_2)","decl":{"start":{"line":110,"column":34},"end":{"line":110,"column":35}},"loc":{"start":{"line":110,"column":41},"end":{"line":110,"column":65}},"line":110},"3":{"name":"(anonymous_3)","decl":{"start":{"line":117,"column":34},"end":{"line":117,"column":35}},"loc":{"start":{"line":117,"column":41},"end":{"line":117,"column":64}},"line":117}},"branchMap":{},"s":{"0":1,"1":1,"2":1,"3":1,"4":1,"5":1,"6":1,"7":1,"8":4,"9":4,"10":4,"11":4,"12":4,"13":4,"14":1,"15":1,"16":1,"17":1,"18":4,"19":1,"20":1},"f":{"0":4,"1":1,"2":1,"3":1},"b":{},"_coverageSchema":"1a1c01bbd47fc00a2c39e90264f33305004495a9","hash":"f5f953484da4b3144c3ea0a685c593ba3bff64ba"}
,"/Users/jordan/Documents/GitHub/witsOverflow/src/pages/changePasswordPage.js": {"path":"/Users/jordan/Documents/GitHub/witsOverflow/src/pages/changePasswordPage.js","statementMap":{"0":{"start":{"line":15,"column":18},"end":{"line":15,"column":75}},"1":{"start":{"line":17,"column":19},"end":{"line":23,"column":1}},"2":{"start":{"line":25,"column":18},"end":{"line":31,"column":1}},"3":{"start":{"line":32,"column":20},"end":{"line":41,"column":1}},"4":{"start":{"line":43,"column":21},"end":{"line":47,"column":1}},"5":{"start":{"line":49,"column":23},"end":{"line":261,"column":1}},"6":{"start":{"line":52,"column":19},"end":{"line":52,"column":27}},"7":{"start":{"line":54,"column":31},"end":{"line":54,"column":43}},"8":{"start":{"line":55,"column":42},"end":{"line":55,"column":57}},"9":{"start":{"line":56,"column":42},"end":{"line":56,"column":57}},"10":{"start":{"line":58,"column":25},"end":{"line":58,"column":37}},"11":{"start":{"line":59,"column":36},"end":{"line":59,"column":51}},"12":{"start":{"line":60,"column":36},"end":{"line":60,"column":51}},"13":{"start":{"line":62,"column":35},"end":{"line":62,"column":47}},"14":{"start":{"line":63,"column":40},"end":{"line":63,"column":55}},"15":{"start":{"line":64,"column":40},"end":{"line":64,"column":55}},"16":{"start":{"line":66,"column":31},"end":{"line":66,"column":43}},"17":{"start":{"line":67,"column":34},"end":{"line":67,"column":49}},"18":{"start":{"line":75,"column":4},"end":{"line":83,"column":23}},"19":{"start":{"line":76,"column":23},"end":{"line":76,"column":42}},"20":{"start":{"line":77,"column":8},"end":{"line":77,"column":28}},"21":{"start":{"line":78,"column":8},"end":{"line":78,"column":25}},"22":{"start":{"line":79,"column":8},"end":{"line":79,"column":28}},"23":{"start":{"line":81,"column":22},"end":{"line":81,"column":38}},"24":{"start":{"line":82,"column":8},"end":{"line":82,"column":29}},"25":{"start":{"line":86,"column":4},"end":{"line":88,"column":31}},"26":{"start":{"line":87,"column":8},"end":{"line":87,"column":22}},"27":{"start":{"line":91,"column":17},"end":{"line":91,"column":26}},"28":{"start":{"line":92,"column":17},"end":{"line":92,"column":33}},"29":{"start":{"line":95,"column":27},"end":{"line":100,"column":5}},"30":{"start":{"line":96,"column":21},"end":{"line":97,"column":40}},"31":{"start":{"line":98,"column":12},"end":{"line":98,"column":36}},"32":{"start":{"line":99,"column":8},"end":{"line":99,"column":56}},"33":{"start":{"line":105,"column":23},"end":{"line":119,"column":5}},"34":{"start":{"line":106,"column":8},"end":{"line":117,"column":9}},"35":{"start":{"line":109,"column":12},"end":{"line":109,"column":46}},"36":{"start":{"line":110,"column":12},"end":{"line":110,"column":41}},"37":{"start":{"line":111,"column":12},"end":{"line":111,"column":24}},"38":{"start":{"line":115,"column":12},"end":{"line":115,"column":29}},"39":{"start":{"line":116,"column":12},"end":{"line":116,"column":25}},"40":{"start":{"line":122,"column":4},"end":{"line":127,"column":16}},"41":{"start":{"line":123,"column":23},"end":{"line":123,"column":45}},"42":{"start":{"line":124,"column":8},"end":{"line":124,"column":28}},"43":{"start":{"line":125,"column":8},"end":{"line":125,"column":28}},"44":{"start":{"line":126,"column":8},"end":{"line":126,"column":31}},"45":{"start":{"line":129,"column":21},"end":{"line":129,"column":34}},"46":{"start":{"line":131,"column":25},"end":{"line":161,"column":5}},"47":{"start":{"line":133,"column":8},"end":{"line":133,"column":27}},"48":{"start":{"line":135,"column":19},"end":{"line":135,"column":38}},"49":{"start":{"line":136,"column":19},"end":{"line":136,"column":37}},"50":{"start":{"line":137,"column":8},"end":{"line":140,"column":9}},"51":{"start":{"line":138,"column":12},"end":{"line":138,"column":39}},"52":{"start":{"line":139,"column":12},"end":{"line":139,"column":19}},"53":{"start":{"line":142,"column":31},"end":{"line":158,"column":9}},"54":{"start":{"line":143,"column":25},"end":{"line":143,"column":34}},"55":{"start":{"line":144,"column":25},"end":{"line":144,"column":41}},"56":{"start":{"line":145,"column":12},"end":{"line":157,"column":13}},"57":{"start":{"line":148,"column":16},"end":{"line":148,"column":50}},"58":{"start":{"line":150,"column":16},"end":{"line":150,"column":42}},"59":{"start":{"line":151,"column":16},"end":{"line":151,"column":38}},"60":{"start":{"line":152,"column":16},"end":{"line":152,"column":41}},"61":{"start":{"line":155,"column":16},"end":{"line":155,"column":33}},"62":{"start":{"line":156,"column":16},"end":{"line":156,"column":43}},"63":{"start":{"line":159,"column":8},"end":{"line":159,"column":36}},"64":{"start":{"line":160,"column":8},"end":{"line":160,"column":25}},"65":{"start":{"line":166,"column":4},"end":{"line":259,"column":5}},"66":{"start":{"line":187,"column":37},"end":{"line":187,"column":62}},"67":{"start":{"line":192,"column":35},"end":{"line":192,"column":55}},"68":{"start":{"line":193,"column":34},"end":{"line":193,"column":55}},"69":{"start":{"line":208,"column":37},"end":{"line":208,"column":59}},"70":{"start":{"line":213,"column":35},"end":{"line":213,"column":52}},"71":{"start":{"line":214,"column":34},"end":{"line":214,"column":52}},"72":{"start":{"line":240,"column":37},"end":{"line":240,"column":64}},"73":{"start":{"line":245,"column":35},"end":{"line":245,"column":54}},"74":{"start":{"line":246,"column":34},"end":{"line":246,"column":54}}},"fnMap":{"0":{"name":"(anonymous_0)","decl":{"start":{"line":49,"column":23},"end":{"line":49,"column":24}},"loc":{"start":{"line":49,"column":29},"end":{"line":261,"column":1}},"line":49},"1":{"name":"(anonymous_1)","decl":{"start":{"line":75,"column":14},"end":{"line":75,"column":15}},"loc":{"start":{"line":75,"column":20},"end":{"line":83,"column":5}},"line":75},"2":{"name":"(anonymous_2)","decl":{"start":{"line":86,"column":14},"end":{"line":86,"column":15}},"loc":{"start":{"line":86,"column":20},"end":{"line":88,"column":5}},"line":86},"3":{"name":"(anonymous_3)","decl":{"start":{"line":95,"column":27},"end":{"line":95,"column":28}},"loc":{"start":{"line":95,"column":46},"end":{"line":100,"column":5}},"line":95},"4":{"name":"(anonymous_4)","decl":{"start":{"line":105,"column":23},"end":{"line":105,"column":24}},"loc":{"start":{"line":105,"column":46},"end":{"line":119,"column":5}},"line":105},"5":{"name":"(anonymous_5)","decl":{"start":{"line":122,"column":14},"end":{"line":122,"column":15}},"loc":{"start":{"line":122,"column":20},"end":{"line":127,"column":5}},"line":122},"6":{"name":"(anonymous_6)","decl":{"start":{"line":131,"column":25},"end":{"line":131,"column":26}},"loc":{"start":{"line":131,"column":38},"end":{"line":161,"column":5}},"line":131},"7":{"name":"(anonymous_7)","decl":{"start":{"line":142,"column":31},"end":{"line":142,"column":32}},"loc":{"start":{"line":142,"column":67},"end":{"line":158,"column":9}},"line":142},"8":{"name":"(anonymous_8)","decl":{"start":{"line":187,"column":30},"end":{"line":187,"column":31}},"loc":{"start":{"line":187,"column":37},"end":{"line":187,"column":62}},"line":187},"9":{"name":"(anonymous_9)","decl":{"start":{"line":192,"column":29},"end":{"line":192,"column":30}},"loc":{"start":{"line":192,"column":35},"end":{"line":192,"column":55}},"line":192},"10":{"name":"(anonymous_10)","decl":{"start":{"line":193,"column":28},"end":{"line":193,"column":29}},"loc":{"start":{"line":193,"column":34},"end":{"line":193,"column":55}},"line":193},"11":{"name":"(anonymous_11)","decl":{"start":{"line":208,"column":30},"end":{"line":208,"column":31}},"loc":{"start":{"line":208,"column":37},"end":{"line":208,"column":59}},"line":208},"12":{"name":"(anonymous_12)","decl":{"start":{"line":213,"column":29},"end":{"line":213,"column":30}},"loc":{"start":{"line":213,"column":35},"end":{"line":213,"column":52}},"line":213},"13":{"name":"(anonymous_13)","decl":{"start":{"line":214,"column":28},"end":{"line":214,"column":29}},"loc":{"start":{"line":214,"column":34},"end":{"line":214,"column":52}},"line":214},"14":{"name":"(anonymous_14)","decl":{"start":{"line":240,"column":30},"end":{"line":240,"column":31}},"loc":{"start":{"line":240,"column":37},"end":{"line":240,"column":64}},"line":240},"15":{"name":"(anonymous_15)","decl":{"start":{"line":245,"column":29},"end":{"line":245,"column":30}},"loc":{"start":{"line":245,"column":35},"end":{"line":245,"column":54}},"line":245},"16":{"name":"(anonymous_16)","decl":{"start":{"line":246,"column":28},"end":{"line":246,"column":29}},"loc":{"start":{"line":246,"column":34},"end":{"line":246,"column":54}},"line":246}},"branchMap":{"0":{"loc":{"start":{"line":137,"column":8},"end":{"line":140,"column":9}},"type":"if","locations":[{"start":{"line":137,"column":8},"end":{"line":140,"column":9}},{"start":{},"end":{}}],"line":137},"1":{"loc":{"start":{"line":137,"column":12},"end":{"line":137,"column":22}},"type":"binary-expr","locations":[{"start":{"line":137,"column":12},"end":{"line":137,"column":15}},{"start":{"line":137,"column":19},"end":{"line":137,"column":22}}],"line":137},"2":{"loc":{"start":{"line":169,"column":35},"end":{"line":169,"column":66}},"type":"cond-expr","locations":[{"start":{"line":169,"column":44},"end":{"line":169,"column":46}},{"start":{"line":169,"column":49},"end":{"line":169,"column":66}}],"line":169},"3":{"loc":{"start":{"line":170,"column":35},"end":{"line":170,"column":66}},"type":"cond-expr","locations":[{"start":{"line":170,"column":44},"end":{"line":170,"column":46}},{"start":{"line":170,"column":49},"end":{"line":170,"column":66}}],"line":170},"4":{"loc":{"start":{"line":177,"column":33},"end":{"line":177,"column":69}},"type":"cond-expr","locations":[{"start":{"line":177,"column":47},"end":{"line":177,"column":49}},{"start":{"line":177,"column":52},"end":{"line":177,"column":69}}],"line":177},"5":{"loc":{"start":{"line":180,"column":33},"end":{"line":180,"column":70}},"type":"cond-expr","locations":[{"start":{"line":180,"column":48},"end":{"line":180,"column":50}},{"start":{"line":180,"column":53},"end":{"line":180,"column":70}}],"line":180},"6":{"loc":{"start":{"line":190,"column":34},"end":{"line":190,"column":64}},"type":"cond-expr","locations":[{"start":{"line":190,"column":48},"end":{"line":190,"column":55}},{"start":{"line":190,"column":58},"end":{"line":190,"column":64}}],"line":190},"7":{"loc":{"start":{"line":198,"column":33},"end":{"line":198,"column":66}},"type":"cond-expr","locations":[{"start":{"line":198,"column":44},"end":{"line":198,"column":46}},{"start":{"line":198,"column":49},"end":{"line":198,"column":66}}],"line":198},"8":{"loc":{"start":{"line":201,"column":33},"end":{"line":201,"column":67}},"type":"cond-expr","locations":[{"start":{"line":201,"column":45},"end":{"line":201,"column":47}},{"start":{"line":201,"column":50},"end":{"line":201,"column":67}}],"line":201},"9":{"loc":{"start":{"line":211,"column":34},"end":{"line":211,"column":61}},"type":"cond-expr","locations":[{"start":{"line":211,"column":45},"end":{"line":211,"column":52}},{"start":{"line":211,"column":55},"end":{"line":211,"column":61}}],"line":211},"10":{"loc":{"start":{"line":216,"column":39},"end":{"line":216,"column":85}},"type":"cond-expr","locations":[{"start":{"line":216,"column":63},"end":{"line":216,"column":65}},{"start":{"line":216,"column":68},"end":{"line":216,"column":85}}],"line":216},"11":{"loc":{"start":{"line":216,"column":39},"end":{"line":216,"column":60}},"type":"binary-expr","locations":[{"start":{"line":216,"column":39},"end":{"line":216,"column":47}},{"start":{"line":216,"column":51},"end":{"line":216,"column":60}}],"line":216},"12":{"loc":{"start":{"line":230,"column":33},"end":{"line":230,"column":80}},"type":"cond-expr","locations":[{"start":{"line":230,"column":58},"end":{"line":230,"column":60}},{"start":{"line":230,"column":63},"end":{"line":230,"column":80}}],"line":230},"13":{"loc":{"start":{"line":230,"column":33},"end":{"line":230,"column":55}},"type":"binary-expr","locations":[{"start":{"line":230,"column":33},"end":{"line":230,"column":43}},{"start":{"line":230,"column":47},"end":{"line":230,"column":55}}],"line":230},"14":{"loc":{"start":{"line":233,"column":33},"end":{"line":233,"column":80}},"type":"cond-expr","locations":[{"start":{"line":233,"column":58},"end":{"line":233,"column":60}},{"start":{"line":233,"column":63},"end":{"line":233,"column":80}}],"line":233},"15":{"loc":{"start":{"line":233,"column":33},"end":{"line":233,"column":55}},"type":"binary-expr","locations":[{"start":{"line":233,"column":33},"end":{"l
[...]
"line":385,"column":33},"end":{"line":385,"column":50}},"type":"binary-expr","locations":[{"start":{"line":385,"column":33},"end":{"line":385,"column":42}},{"start":{"line":385,"column":46},"end":{"line":385,"column":50}}],"line":385},"37":{"loc":{"start":{"line":395,"column":34},"end":{"line":395,"column":61}},"type":"cond-expr","locations":[{"start":{"line":395,"column":45},"end":{"line":395,"column":52}},{"start":{"line":395,"column":55},"end":{"line":395,"column":61}}],"line":395},"38":{"loc":{"start":{"line":400,"column":39},"end":{"line":400,"column":85}},"type":"cond-expr","locations":[{"start":{"line":400,"column":63},"end":{"line":400,"column":65}},{"start":{"line":400,"column":68},"end":{"line":400,"column":85}}],"line":400},"39":{"loc":{"start":{"line":400,"column":39},"end":{"line":400,"column":60}},"type":"binary-expr","locations":[{"start":{"line":400,"column":39},"end":{"line":400,"column":47}},{"start":{"line":400,"column":51},"end":{"line":400,"column":60}}],"line":400},"40":{"loc":{"start":{"line":416,"column":33},"end":{"line":416,"column":80}},"type":"cond-expr","locations":[{"start":{"line":416,"column":58},"end":{"line":416,"column":60}},{"start":{"line":416,"column":63},"end":{"line":416,"column":80}}],"line":416},"41":{"loc":{"start":{"line":416,"column":33},"end":{"line":416,"column":55}},"type":"binary-expr","locations":[{"start":{"line":416,"column":33},"end":{"line":416,"column":43}},{"start":{"line":416,"column":47},"end":{"line":416,"column":55}}],"line":416},"42":{"loc":{"start":{"line":419,"column":33},"end":{"line":419,"column":80}},"type":"cond-expr","locations":[{"start":{"line":419,"column":58},"end":{"line":419,"column":60}},{"start":{"line":419,"column":63},"end":{"line":419,"column":80}}],"line":419},"43":{"loc":{"start":{"line":419,"column":33},"end":{"line":419,"column":55}},"type":"binary-expr","locations":[{"start":{"line":419,"column":33},"end":{"line":419,"column":42}},{"start":{"line":419,"column":46},"end":{"line":419,"column":55}}],"line":419},"44":{"loc":{"start":{"line":429,"column":34},"end":{"line":429,"column":63}},"type":"cond-expr","locations":[{"start":{"line":429,"column":47},"end":{"line":429,"column":54}},{"start":{"line":429,"column":57},"end":{"line":429,"column":63}}],"line":429},"45":{"loc":{"start":{"line":434,"column":43},"end":{"line":434,"column":93}},"type":"cond-expr","locations":[{"start":{"line":434,"column":71},"end":{"line":434,"column":73}},{"start":{"line":434,"column":76},"end":{"line":434,"column":93}}],"line":434},"46":{"loc":{"start":{"line":434,"column":43},"end":{"line":434,"column":68}},"type":"binary-expr","locations":[{"start":{"line":434,"column":43},"end":{"line":434,"column":53}},{"start":{"line":434,"column":57},"end":{"line":434,"column":68}}],"line":434},"47":{"loc":{"start":{"line":440,"column":36},"end":{"line":440,"column":147}},"type":"binary-expr","locations":[{"start":{"line":440,"column":36},"end":{"line":440,"column":46}},{"start":{"line":440,"column":50},"end":{"line":440,"column":59}},{"start":{"line":440,"column":63},"end":{"line":440,"column":74}},{"start":{"line":440,"column":78},"end":{"line":440,"column":92}},{"start":{"line":440,"column":96},"end":{"line":440,"column":110}},{"start":{"line":440,"column":114},"end":{"line":440,"column":134}},{"start":{"line":440,"column":138},"end":{"line":440,"column":147}}],"line":440}},"s":{"0":1,"1":1,"2":1,"3":1,"4":1,"5":1,"6":1,"7":1,"8":1,"9":1,"10":1,"11":20,"12":20,"13":20,"14":20,"15":20,"16":20,"17":20,"18":20,"19":20,"20":20,"21":20,"22":20,"23":20,"24":20,"25":20,"26":20,"27":20,"28":20,"29":20,"30":20,"31":20,"32":20,"33":20,"34":20,"35":20,"36":2,"37":20,"38":3,"39":3,"40":3,"41":3,"42":20,"43":4,"44":4,"45":4,"46":4,"47":4,"48":4,"49":20,"50":3,"51":3,"52":3,"53":3,"54":20,"55":3,"56":3,"57":3,"58":3,"59":20,"60":3,"61":3,"62":3,"63":3,"64":20,"65":3,"66":3,"67":3,"68":3,"69":20,"70":9,"71":20,"72":20,"73":1,"74":1,"75":1,"76":1,"77":1,"78":1,"79":1,"80":1,"81":0,"82":0,"83":1,"84":1,"85":0,"86":0,"87":0,"88":0,"89":0,"90":0,"91":0,"92":0,"93":0,"94":20,"95":1,"96":2,"97":0,"98":1,"99":0,"100":0,"101":1,"102":0,"103":0,"104":1,"105":0,"106":0,"107":1,"108":0,"109":0,"110":1,"111":0,"112":0,"113":1,"114":0,"115":0},"f":{"0":20,"1":2,"2":3,"3":4,"4":3,"5":3,"6":3,"7":3,"8":9,"9":1,"10":1,"11":2,"12":0,"13":1,"14":0,"15":0,"16":1,"17":0,"18":0,"19":1,"20":0,"21":0,"22":1,"23":0,"24":0,"25":1,"26":0,"27":0,"28":1,"29":0,"30":0},"b":{"0":[0,1],"1":[1,1,1,1,1,1],"2":[0,0],"3":[0,20],"4":[13,7],"5":[7,13],"6":[20,13],"7":[13,7],"8":[1,19],"9":[20,18,14],"10":[11,9],"11":[9,11],"12":[20,11],"13":[11,9],"14":[0,20],"15":[20,0,0],"16":[9,11],"17":[11,9],"18":[20,9],"19":[9,11],"20":[0,20],"21":[20,0,0],"22":[7,13],"23":[13,7],"24":[20,7],"25":[7,13],"26":[0,20],"27":[20,0,0],"28":[5,15],"29":[15,5],"30":[20,5],"31":[5,15],"32":[0,20],"33":[20,0,0],"34":[3,17],"35":[17,3],"36":[20,3],"37":[3,17],"38":[0,20],"39":[20,0],"40":[1,19],"41":[20,14],"42":[18,2],"43":[20,3],"44":[14,6],"45":[0,20],"46":[20,0],"47":[20,13,3,1,1,1,1]},"_coverageSchema":"1a1c01bbd47fc00a2c39e90264f33305004495a9","hash":"251ef71832f26d48d220f004d0069a70cee0bdc8"}
,"/Users/jordan/Documents/GitHub/witsOverflow/src/pages/reportsPage.js": {"path":"/Users/jordan/Documents/GitHub/witsOverflow/src/pages/reportsPage.js","statementMap":{"0":{"start":{"line":8,"column":21},"end":{"line":13,"column":1}},"1":{"start":{"line":16,"column":18},"end":{"line":20,"column":1}},"2":{"start":{"line":23,"column":18},"end":{"line":23,"column":53}},"3":{"start":{"line":26,"column":42},"end":{"line":26,"column":54}},"4":{"start":{"line":27,"column":46},"end":{"line":27,"column":58}},"5":{"start":{"line":29,"column":33},"end":{"line":29,"column":58}},"6":{"start":{"line":32,"column":4},"end":{"line":48,"column":11}},"7":{"start":{"line":33,"column":31},"end":{"line":46,"column":9}},"8":{"start":{"line":34,"column":12},"end":{"line":45,"column":13}},"9":{"start":{"line":35,"column":29},"end":{"line":35,"column":64}},"10":{"start":{"line":36,"column":37},"end":{"line":39,"column":19}},"11":{"start":{"line":36,"column":61},"end":{"line":39,"column":17}},"12":{"start":{"line":40,"column":16},"end":{"line":40,"column":45}},"13":{"start":{"line":41,"column":16},"end":{"line":41,"column":41}},"14":{"start":{"line":42,"column":16},"end":{"line":42,"column":49}},"15":{"start":{"line":44,"column":16},"end":{"line":44,"column":36}},"16":{"start":{"line":47,"column":8},"end":{"line":47,"column":25}},"17":{"start":{"line":49,"column":14},"end":{"line":49,"column":16}},"18":{"start":{"line":50,"column":4},"end":{"line":68,"column":23}},"19":{"start":{"line":51,"column":8},"end":{"line":68,"column":6}},"20":{"start":{"line":52,"column":38},"end":{"line":52,"column":72}},"21":{"start":{"line":53,"column":29},"end":{"line":53,"column":64}},"22":{"start":{"line":54,"column":22},"end":{"line":54,"column":41}},"23":{"start":{"line":55,"column":8},"end":{"line":55,"column":32}},"24":{"start":{"line":56,"column":8},"end":{"line":56,"column":30}},"25":{"start":{"line":59,"column":8},"end":{"line":65,"column":9}},"26":{"start":{"line":60,"column":12},"end":{"line":64,"column":13}},"27":{"start":{"line":61,"column":16},"end":{"line":61,"column":62}},"28":{"start":{"line":63,"column":16},"end":{"line":63,"column":32}},"29":{"start":{"line":67,"column":8},"end":{"line":67,"column":30}},"30":{"start":{"line":70,"column":31},"end":{"line":70,"column":33}},"31":{"start":{"line":72,"column":5},"end":{"line":90,"column":6}},"32":{"start":{"line":73,"column":12},"end":{"line":89,"column":13}},"33":{"start":{"line":91,"column":4},"end":{"line":101,"column":6}}},"fnMap":{"0":{"name":"ReportsPage","decl":{"start":{"line":22,"column":9},"end":{"line":22,"column":20}},"loc":{"start":{"line":22,"column":22},"end":{"line":102,"column":1}},"line":22},"1":{"name":"(anonymous_1)","decl":{"start":{"line":32,"column":14},"end":{"line":32,"column":15}},"loc":{"start":{"line":32,"column":20},"end":{"line":48,"column":5}},"line":32},"2":{"name":"(anonymous_2)","decl":{"start":{"line":33,"column":31},"end":{"line":33,"column":32}},"loc":{"start":{"line":33,"column":43},"end":{"line":46,"column":9}},"line":33},"3":{"name":"(anonymous_3)","decl":{"start":{"line":36,"column":51},"end":{"line":36,"column":52}},"loc":{"start":{"line":36,"column":61},"end":{"line":39,"column":17}},"line":36},"4":{"name":"(anonymous_4)","decl":{"start":{"line":50,"column":14},"end":{"line":50,"column":15}},"loc":{"start":{"line":50,"column":18},"end":{"line":68,"column":7}},"line":50},"5":{"name":"(anonymous_5)","decl":{"start":{"line":51,"column":25},"end":{"line":51,"column":26}},"loc":{"start":{"line":51,"column":46},"end":{"line":68,"column":5}},"line":51},"6":{"name":"(anonymous_6)","decl":{"start":{"line":72,"column":23},"end":{"line":72,"column":24}},"loc":{"start":{"line":73,"column":12},"end":{"line":89,"column":13}},"line":73}},"branchMap":{"0":{"loc":{"start":{"line":59,"column":8},"end":{"line":65,"column":9}},"type":"if","locations":[{"start":{"line":59,"column":8},"end":{"line":65,"column":9}},{"start":{},"end":{}}],"line":59},"1":{"loc":{"start":{"line":60,"column":12},"end":{"line":64,"column":13}},"type":"if","locations":[{"start":{"line":60,"column":12},"end":{"line":64,"column":13}},{"start":{"line":62,"column":17},"end":{"line":64,"column":13}}],"line":60},"2":{"loc":{"start":{"line":60,"column":15},"end":{"line":60,"column":78}},"type":"binary-expr","locations":[{"start":{"line":60,"column":15},"end":{"line":60,"column":39}},{"start":{"line":60,"column":43},"end":{"line":60,"column":78}}],"line":60}},"s":{"0":1,"1":1,"2":1,"3":1,"4":1,"5":1,"6":1,"7":1,"8":1,"9":1,"10":1,"11":0,"12":0,"13":0,"14":0,"15":1,"16":1,"17":1,"18":1,"19":1,"20":0,"21":0,"22":0,"23":0,"24":0,"25":0,"26":0,"27":0,"28":0,"29":0,"30":1,"31":1,"32":0,"33":1},"f":{"0":1,"1":1,"2":1,"3":0,"4":1,"5":0,"6":0},"b":{"0":[0,0],"1":[0,0],"2":[0,0]},"_coverageSchema":"1a1c01bbd47fc00a2c39e90264f33305004495a9","hash":"a7bf48ab755fdf69ba72356bdc5f2c582f528792"}
,"/Users/jordan/Documents/GitHub/witsOverflow/src/pages/singleQuestionPage.js": {"path":"/Users/jordan/Documents/GitHub/witsOverflow/src/pages/singleQuestionPage.js","statementMap":{"0":{"start":{"line":9,"column":18},"end":{"line":14,"column":1}},"1":{"start":{"line":16,"column":14},"end":{"line":23,"column":1}},"2":{"start":{"line":24,"column":21},"end":{"line":32,"column":1}},"3":{"start":{"line":33,"column":23},"end":{"line":37,"column":1}},"4":{"start":{"line":38,"column":27},"end":{"line":49,"column":1}},"5":{"start":{"line":54,"column":32},"end":{"line":54,"column":44}},"6":{"start":{"line":57,"column":21},"end":{"line":57,"column":34}},"7":{"start":{"line":58,"column":21},"end":{"line":58,"column":35}},"8":{"start":{"line":60,"column":22},"end":{"line":60,"column":41}},"9":{"start":{"line":61,"column":25},"end":{"line":61,"column":47}},"10":{"start":{"line":62,"column":24},"end":{"line":62,"column":45}},"11":{"start":{"line":63,"column":17},"end":{"line":63,"column":18}},"12":{"start":{"line":64,"column":23},"end":{"line":64,"column":43}},"13":{"start":{"line":65,"column":21},"end":{"line":65,"column":39}},"14":{"start":{"line":66,"column":21},"end":{"line":66,"column":39}},"15":{"start":{"line":67,"column":21},"end":{"line":67,"column":39}},"16":{"start":{"line":68,"column":16},"end":{"line":68,"column":51}},"17":{"start":{"line":69,"column":16},"end":{"line":69,"column":21}},"18":{"start":{"line":70,"column":15},"end":{"line":70,"column":17}},"19":{"start":{"line":71,"column":19},"end":{"line":71,"column":36}},"20":{"start":{"line":73,"column":31},"end":{"line":73,"column":80}},"21":{"start":{"line":74,"column":38},"end":{"line":74,"column":50}},"22":{"start":{"line":77,"column":4},"end":{"line":92,"column":11}},"23":{"start":{"line":78,"column":29},"end":{"line":89,"column":9}},"24":{"start":{"line":79,"column":12},"end":{"line":88,"column":13}},"25":{"start":{"line":80,"column":29},"end":{"line":80,"column":62}},"26":{"start":{"line":81,"column":37},"end":{"line":84,"column":19}},"27":{"start":{"line":81,"column":61},"end":{"line":84,"column":17}},"28":{"start":{"line":85,"column":16},"end":{"line":85,"column":43}},"29":{"start":{"line":87,"column":16},"end":{"line":87,"column":36}},"30":{"start":{"line":90,"column":8},"end":{"line":90,"column":23}},"31":{"start":{"line":94,"column":4},"end":{"line":99,"column":5}},"32":{"start":{"line":94,"column":17},"end":{"line":94,"column":18}},"33":{"start":{"line":95,"column":8},"end":{"line":98,"column":9}},"34":{"start":{"line":96,"column":12},"end":{"line":96,"column":25}},"35":{"start":{"line":97,"column":12},"end":{"line":97,"column":41}},"36":{"start":{"line":101,"column":4},"end":{"line":109,"column":5}},"37":{"start":{"line":101,"column":17},"end":{"line":101,"column":18}},"38":{"start":{"line":102,"column":8},"end":{"line":108,"column":9}},"39":{"start":{"line":103,"column":12},"end":{"line":107,"column":13}},"40":{"start":{"line":104,"column":16},"end":{"line":104,"column":28}},"41":{"start":{"line":106,"column":16},"end":{"line":106,"column":28}},"42":{"start":{"line":111,"column":28},"end":{"line":111,"column":61}},"43":{"start":{"line":112,"column":4},"end":{"line":114,"column":9}},"44":{"start":{"line":115,"column":27},"end":{"line":115,"column":60}},"45":{"start":{"line":117,"column":40},"end":{"line":117,"column":52}},"46":{"start":{"line":118,"column":32},"end":{"line":118,"column":84}},"47":{"start":{"line":119,"column":33},"end":{"line":119,"column":35}},"48":{"start":{"line":121,"column":4},"end":{"line":135,"column":11}},"49":{"start":{"line":122,"column":30},"end":{"line":133,"column":9}},"50":{"start":{"line":123,"column":12},"end":{"line":132,"column":13}},"51":{"start":{"line":124,"column":29},"end":{"line":124,"column":63}},"52":{"start":{"line":125,"column":37},"end":{"line":128,"column":19}},"53":{"start":{"line":125,"column":61},"end":{"line":128,"column":17}},"54":{"start":{"line":129,"column":16},"end":{"line":129,"column":44}},"55":{"start":{"line":131,"column":16},"end":{"line":131,"column":36}},"56":{"start":{"line":134,"column":8},"end":{"line":134,"column":24}},"57":{"start":{"line":137,"column":4},"end":{"line":144,"column":11}},"58":{"start":{"line":138,"column":27},"end":{"line":142,"column":6}},"59":{"start":{"line":139,"column":8},"end":{"line":141,"column":13}},"60":{"start":{"line":143,"column":5},"end":{"line":143,"column":17}},"61":{"start":{"line":146,"column":23},"end":{"line":176,"column":6}},"62":{"start":{"line":147,"column":8},"end":{"line":175,"column":9}},"63":{"start":{"line":148,"column":12},"end":{"line":160,"column":13}},"64":{"start":{"line":161,"column":14},"end":{"line":175,"column":9}},"65":{"start":{"line":162,"column":12},"end":{"line":174,"column":13}},"66":{"start":{"line":177,"column":17},"end":{"line":177,"column":27}},"67":{"start":{"line":179,"column":31},"end":{"line":192,"column":5}},"68":{"start":{"line":180,"column":8},"end":{"line":180,"column":27}},"69":{"start":{"line":181,"column":8},"end":{"line":185,"column":10}},"70":{"start":{"line":186,"column":8},"end":{"line":188,"column":13}},"71":{"start":{"line":189,"column":8},"end":{"line":189,"column":28}},"72":{"start":{"line":190,"column":8},"end":{"line":190,"column":38}},"73":{"start":{"line":191,"column":8},"end":{"line":191,"column":22}},"74":{"start":{"line":193,"column":4},"end":{"line":243,"column":5}},"75":{"start":{"line":194,"column":8},"end":{"line":211,"column":9}},"76":{"start":{"line":213,"column":8},"end":{"line":242,"column":9}},"77":{"start":{"line":234,"column":49},"end":{"line":234,"column":74}}},"fnMap":{"0":{"name":"SingleQuestionPage","decl":{"start":{"line":53,"column":24},"end":{"line":53,"column":42}},"loc":{"start":{"line":53,"column":45},"end":{"line":244,"column":1}},"line":53},"1":{"name":"(anonymous_1)","decl":{"start":{"line":77,"column":14},"end":{"line":77,"column":15}},"loc":{"start":{"line":77,"column":20},"end":{"line":92,"column":5}},"line":77},"2":{"name":"(anonymous_2)","decl":{"start":{"line":78,"column":29},"end":{"line":78,"column":30}},"loc":{"start":{"line":78,"column":41},"end":{"line":89,"column":9}},"line":78},"3":{"name":"(anonymous_3)","decl":{"start":{"line":81,"column":51},"end":{"line":81,"column":52}},"loc":{"start":{"line":81,"column":61},"end":{"line":84,"column":17}},"line":81},"4":{"name":"(anonymous_4)","decl":{"start":{"line":121,"column":14},"end":{"line":121,"column":15}},"loc":{"start":{"line":121,"column":20},"end":{"line":135,"column":5}},"line":121},"5":{"name":"(anonymous_5)","decl":{"start":{"line":122,"column":30},"end":{"line":122,"column":31}},"loc":{"start":{"line":122,"column":42},"end":{"line":133,"column":9}},"line":122},"6":{"name":"(anonymous_6)","decl":{"start":{"line":125,"column":51},"end":{"line":125,"column":52}},"loc":{"start":{"line":125,"column":61},"end":{"line":128,"column":17}},"line":125},"7":{"name":"(anonymous_7)","decl":{"start":{"line":137,"column":14},"end":{"line":137,"column":15}},"loc":{"start":{"line":137,"column":20},"end":{"line":144,"column":5}},"line":137},"8":{"name":"(anonymous_8)","decl":{"start":{"line":138,"column":27},"end":{"line":138,"column":28}},"loc":{"start":{"line":138,"column":38},"end":{"line":142,"column":6}},"line":138},"9":{"name":"(anonymous_9)","decl":{"start":{"line":146,"column":38},"end":{"line":146,"column":39}},"loc":{"start":{"line":146,"column":52},"end":{"line":176,"column":5}},"line":146},"10":{"name":"(anonymous_10)","decl":{"start":{"line":179,"column":31},"end":{"line":179,"column":32}},"loc":{"start":{"line":179,"column":44},"end":{"line":192,"column":5}},"line":179},"11":{"name":"(anonymous_11)","decl":{"start":{"line":234,"column":42},"end":{"line":234,"column":43}},"loc":{"start":{"line":234,"column":49},"end":{"line":234,"column":74}},"line":234}},"branchMap":{"0":{"loc":{"start":{"line":95,"column":8},"end":{"line":98,"column":9}},"type":"if","locations":[{"start":{"line":95,"column":8},"end":{"line":98,"column":9}},{"start":{},"end":{}}],"line":95},"1":{"loc":{"start":{"line":102,"column":8},"end":{"line":108,"column":9}},"type":"if","locations":[{"start":{"line":102,"column":8},"end":{"line":108,"column":9}},{"start":{},"end":{}}],"line":102},"2":{"loc":{"start":{"line":103,"column":12},"end":{"line":107,"column":13}},"type":"if","locations":[{"start":{"line":103,"column":12},"end":{"line":107,"column":13}},{"start":{"line":105,"column":17},"end":{"line":107,"column":13}}],"line":103},"3":{"loc":{"start":{"line":147,"column":8},"end":{"line":175,"column":9}},"type":"if","locations":[{"start":{"line":147,"column":8},"end":{"line":175,"column":9}},{"start":{"line":161,"column":14},"end":{"line":175,"column":9}}],"line":147},"4":{"loc":{"start":{"line":161,"column":14},"end":{"line":175,"column":9}},"type":"if","locations":[{"start":{"line":161,"column":14},"end":{"line":175,"column":9}},{"start":{},"end":{}}],"line":161},"5":{"loc":{"start":{"line":193,"column":4},"end":{"line":243,"column":5}},"type":"if","locations":[{"start":{"line":193,"column":4},"end":{"line":243,"column":5}},{"start":{"line":212,"column":9},"end":{"line":243,"column":5}}],"line":193}},"s":{"0":2,"1":2,"2":2,"3":2,"4":2,"5":4,"6":3,"7":3,"8":3,"9":3,"10":3,"11":3,"12":3,"13":3,"14":3,"15":3,"16":3,"17":3,"18":3,"19":3,"20":3,"21":3,"22":3,"23":2,"24":2,"25":2,"26":2,"27":0,"28":0,"29":2,"30":2,"31":3,"32":3,"33":0,"34":0,"35":0,"36":3,"37":3,"38":0,"39":0,"40":0,"41":0,"42":3,"43":3,"44":3,"45":3,"46":3,"47":3,"48":3,"49":2,"50":2,"51":2,"52":2,"53":0,"54":0,"55":2,"56":2,"57":3,"58":2,"59":2,"60":2,"61":3,"62":0,"63":0,"64":0,"65":0,"66":3,"67":3,"68":1,"69":1,"70":1,"71":1,"72":1,"73":1,"74":3,"75":0,"76":3,"77":1},"f":{"0":4,"1":2,"2":2,"3":0,"4":2,"5":2,"6":0,"7":2,"8":2,"9":0,"10":1,"11":1},"b":{"0":[0,0],"1":[0,0],"2":[0,0],"3":[0,0],"4":[0,0],"5":[0,3]},"_coverageSchema":"1a1c01bbd47fc00a2c39e90264f33305004495a9","hash":"51b2ca9900cc252555db682bc1efc8130821a86d"}
}
