TN:
SF:src/App.js
FN:32,App
FNF:1
FNH:0
FNDA:0,App
DA:19,0
DA:23,0
DA:33,0
LF:3
LH:0
BRF:0
BRH:0
end_of_record
TN:
SF:src/index.js
FNF:0
FNH:0
DA:5,0
DA:6,0
LF:2
LH:0
BRF:0
BRH:0
end_of_record
TN:
SF:src/components/Comment.js
FN:23,Comment
FN:27,(anonymous_1)
FNF:2
FNH:0
FNDA:0,Comment
FNDA:0,(anonymous_1)
DA:7,3
DA:16,3
DA:25,0
DA:27,0
DA:29,0
DA:32,0
DA:36,0
DA:37,0
DA:43,0
DA:45,0
DA:46,0
DA:51,0
DA:52,0
DA:60,0
LF:14
LH:2
BRDA:36,0,0,0
BRDA:36,0,1,0
BRDA:36,1,0,0
BRDA:36,1,1,0
BRDA:43,2,0,0
BRDA:43,2,1,0
BRDA:51,3,0,0
BRDA:51,3,1,0
BRF:8
BRH:0
end_of_record
TN:
SF:src/components/CommunityRow.js
FN:47,CommunityRow
FN:56,(anonymous_1)
FN:66,(anonymous_2)
FNF:3
FNH:3
FNDA:2,CommunityRow
FNDA:1,(anonymous_1)
FNDA:1,(anonymous_2)
DA:5,2
DA:12,2
DA:19,2
DA:28,2
DA:49,2
DA:51,2
DA:52,2
DA:53,2
DA:56,2
DA:57,1
DA:58,1
DA:61,2
DA:66,1
LF:13
LH:13
BRF:0
BRH:0
end_of_record
TN:
SF:src/components/Question.js
FN:4,(anonymous_0)
FN:22,(anonymous_1)
FN:26,(anonymous_2)
FN:30,(anonymous_3)
FN:34,(anonymous_4)
FN:38,(anonymous_5)
FN:42,(anonymous_6)
FN:46,(anonymous_7)
FN:50,(anonymous_8)
FN:54,(anonymous_9)
FN:58,(anonymous_10)
FN:62,(anonymous_11)
FN:66,(anonymous_12)
FN:70,(anonymous_13)
FN:76,(anonymous_14)
FN:80,(anonymous_15)
FNF:16
FNH:1
FNDA:3,(anonymous_0)
FNDA:0,(anonymous_1)
FNDA:0,(anonymous_2)
FNDA:0,(anonymous_3)
FNDA:0,(anonymous_4)
FNDA:0,(anonymous_5)
FNDA:0,(anonymous_6)
FNDA:0,(anonymous_7)
FNDA:0,(anonymous_8)
FNDA:0,(anonymous_9)
FNDA:0,(anonymous_10)
FNDA:0,(anonymous_11)
FNDA:0,(anonymous_12)
FNDA:0,(anonymous_13)
FNDA:0,(anonymous_14)
FNDA:0,(anonymous_15)
DA:6,3
DA:7,3
DA:8,3
DA:9,3
DA:10,3
DA:11,3
DA:12,3
DA:13,3
DA:14,3
DA:15,3
DA:16,3
DA:17,3
DA:18,3
DA:24,0
DA:28,0
DA:32,0
DA:36,0
DA:40,0
DA:44,0
DA:48,0
DA:52,0
DA:56,0
DA:60,0
DA:64,0
DA:68,0
DA:72,0
DA:78,0
DA:82,0
LF:28
LH:13
BRF:0
BRH:0
end_of_record
TN:
SF:src/components/QuestionRow.js
FN:78,QuestionRow
FN:106,routeChangeToSingleQuestion
FN:115,(anonymous_2)
FN:128,(anonymous_3)
FN:139,(anonymous_4)
FN:142,(anonymous_5)
FN:156,(anonymous_6)
FN:167,(anonymous_7)
FN:169,(anonymous_8)
FN:181,(anonymous_9)
FN:183,(anonymous_10)
FNF:11
FNH:3
FNDA:3,QuestionRow
FNDA:1,routeChangeToSingleQuestion
FNDA:0,(anonymous_2)
FNDA:0,(anonymous_3)
FNDA:0,(anonymous_4)
FNDA:0,(anonymous_5)
FNDA:0,(anonymous_6)
FNDA:0,(anonymous_7)
FNDA:0,(anonymous_8)
FNDA:1,(anonymous_9)
FNDA:0,(anonymous_10)
DA:6,3
DA:20,3
DA:24,3
DA:34,3
DA:42,3
DA:55,3
DA:63,3
DA:67,3
DA:79,3
DA:82,3
DA:83,3
DA:84,3
DA:85,3
DA:86,3
DA:87,3
DA:88,3
DA:89,3
DA:90,3
DA:91,3
DA:92,3
DA:95,3
DA:97,3
DA:98,3
DA:100,6
DA:107,1
DA:108,1
DA:109,1
DA:110,1
DA:115,3
DA:116,0
DA:117,0
DA:120,3
DA:121,0
DA:122,0
DA:128,0
DA:133,0
DA:139,0
DA:142,0
DA:149,3
DA:150,0
DA:156,0
DA:160,3
DA:161,0
DA:167,0
DA:169,0
DA:175,3
DA:181,1
DA:183,0
LF:48
LH:34
BRDA:120,0,0,0
BRDA:120,0,1,3
BRDA:121,1,0,0
BRDA:121,1,1,0
BRDA:149,2,0,0
BRDA:149,2,1,3
BRDA:160,3,0,0
BRDA:160,3,1,3
BRF:8
BRH:3
end_of_record
TN:
SF:src/components/answerArea.js
FN:126,AnswerArea
FN:136,(anonymous_1)
FN:158,(anonymous_2)
FN:185,(anonymous_3)
FN:186,(anonymous_4)
FN:191,(anonymous_5)
FN:219,(anonymous_6)
FN:234,(anonymous_7)
FN:243,(anonymous_8)
FN:244,(anonymous_9)
FN:249,(anonymous_10)
FN:264,(anonymous_11)
FN:283,(anonymous_12)
FN:314,(anonymous_13)
FN:348,(anonymous_14)
FN:353,(anonymous_15)
FN:364,(anonymous_16)
FN:369,(anonymous_17)
FN:387,(anonymous_18)
FN:395,(anonymous_19)
FN:471,(anonymous_20)
FN:505,(anonymous_21)
FN:542,(anonymous_22)
FN:579,(anonymous_23)
FN:621,(anonymous_24)
FN:655,(anonymous_25)
FN:691,(anonymous_26)
FN:727,(anonymous_27)
FNF:28
FNH:9
FNDA:6,AnswerArea
FNDA:6,(anonymous_1)
FNDA:0,(anonymous_2)
FNDA:6,(anonymous_3)
FNDA:6,(anonymous_4)
FNDA:0,(anonymous_5)
FNDA:6,(anonymous_6)
FNDA:0,(anonymous_7)
FNDA:6,(anonymous_8)
FNDA:6,(anonymous_9)
FNDA:0,(anonymous_10)
FNDA:0,(anonymous_11)
FNDA:1,(anonymous_12)
FNDA:1,(anonymous_13)
FNDA:0,(anonymous_14)
FNDA:0,(anonymous_15)
FNDA:0,(anonymous_16)
FNDA:0,(anonymous_17)
FNDA:0,(anonymous_18)
FNDA:0,(anonymous_19)
FNDA:0,(anonymous_20)
FNDA:0,(anonymous_21)
FNDA:0,(anonymous_22)
FNDA:0,(anonymous_23)
FNDA:0,(anonymous_24)
FNDA:0,(anonymous_25)
FNDA:0,(anonymous_26)
FNDA:0,(anonymous_27)
DA:12,3
DA:19,3
DA:25,3
DA:33,3
DA:43,3
DA:47,3
DA:60,3
DA:66,3
DA:73,3
DA:79,3
DA:83,3
DA:92,3
DA:105,3
DA:111,3
DA:117,3
DA:127,6
DA:130,6
DA:133,6
DA:134,6
DA:136,6
DA:137,6
DA:138,0
DA:139,0
DA:140,0
DA:141,0
DA:143,0
DA:144,0
DA:150,6
DA:151,6
DA:153,6
DA:155,6
DA:156,6
DA:158,6
DA:159,0
DA:160,0
DA:161,0
DA:163,0
DA:168,0
DA:172,6
DA:174,6
DA:177,6
DA:178,6
DA:179,6
DA:180,6
DA:182,6
DA:185,6
DA:186,6
DA:187,6
DA:189,6
DA:191,0
DA:195,0
DA:197,0
DA:201,6
DA:205,6
DA:206,0
DA:207,0
DA:208,0
DA:210,0
DA:211,0
DA:212,0
DA:213,0
DA:214,0
DA:219,6
DA:220,6
DA:221,6
DA:225,6
DA:227,6
DA:232,6
DA:234,6
DA:235,0
DA:236,0
DA:237,0
DA:243,6
DA:244,6
DA:245,6
DA:247,6
DA:249,0
DA:253,0
DA:255,0
DA:259,6
DA:262,6
DA:264,6
DA:265,0
DA:266,0
DA:267,0
DA:270,0
DA:280,6
DA:283,6
DA:285,1
DA:287,0
DA:291,0
DA:292,0
DA:293,1
DA:295,0
DA:299,0
DA:300,0
DA:301,0
DA:303,1
DA:307,1
DA:308,0
DA:309,0
DA:314,6
DA:316,1
DA:318,0
DA:322,0
DA:323,0
DA:324,1
DA:326,0
DA:330,0
DA:331,0
DA:332,0
DA:334,1
DA:338,1
DA:339,0
DA:340,0
DA:344,6
DA:345,6
DA:348,6
DA:349,0
DA:353,6
DA:354,0
DA:355,0
DA:356,0
DA:359,0
DA:360,0
DA:364,6
DA:365,0
DA:368,6
DA:369,6
DA:370,0
DA:373,0
DA:374,0
DA:375,0
DA:379,0
DA:381,0
DA:384,0
DA:387,6
DA:388,0
DA:389,0
DA:392,0
DA:395,6
DA:396,0
DA:399,0
DA:402,0
DA:403,0
DA:406,6
DA:407,1
DA:408,1
DA:439,0
DA:440,0
DA:471,0
DA:480,0
DA:481,0
DA:482,0
DA:505,0
DA:515,0
DA:542,0
DA:555,0
DA:579,0
DA:590,5
DA:591,0
DA:621,0
DA:630,5
DA:631,0
DA:632,0
DA:655,0
DA:665,0
DA:691,0
DA:704,5
DA:727,0
LF:170
LH:80
BRDA:137,0,0,0
BRDA:137,0,1,6
BRDA:138,1,0,0
BRDA:138,1,1,0
BRDA:140,2,0,0
BRDA:140,2,1,0
BRDA:206,3,0,0
BRDA:206,3,1,0
BRDA:211,4,0,0
BRDA:211,4,1,0
BRDA:213,5,0,0
BRDA:213,5,1,0
BRDA:266,6,0,0
BRDA:266,6,1,0
BRDA:285,7,0,0
BRDA:285,7,1,1
BRDA:293,8,0,0
BRDA:293,8,1,1
BRDA:316,9,0,0
BRDA:316,9,1,1
BRDA:324,10,0,0
BRDA:324,10,1,1
BRDA:374,11,0,0
BRDA:374,11,1,0
BRDA:406,12,0,1
BRDA:406,12,1,5
BRDA:407,13,0,1
BRDA:407,13,1,0
BRDA:410,14,0,1
BRDA:410,14,1,0
BRDA:439,15,0,0
BRDA:439,15,1,0
BRDA:480,16,0,0
BRDA:480,16,1,0
BRDA:481,17,0,0
BRDA:481,17,1,0
BRDA:484,18,0,0
BRDA:484,18,1,0
BRDA:517,19,0,0
BRDA:517,19,1,0
BRDA:557,20,0,0
BRDA:557,20,1,0
BRDA:590,21,0,0
BRDA:590,21,1,5
BRDA:630,22,0,0
BRDA:630,22,1,5
BRDA:631,23,0,0
BRDA:631,23,1,0
BRDA:634,24,0,0
BRDA:634,24,1,0
BRDA:667,25,0,0
BRDA:667,25,1,0
BRDA:706,26,0,5
BRDA:706,26,1,0
BRF:54
BRH:12
end_of_record
TN:
SF:src/components/commentsArea.js
FN:35,CommentsArea
FN:39,(anonymous_1)
FN:63,(anonymous_2)
FNF:3
FNH:3
FNDA:2,CommentsArea
FNDA:1,(anonymous_1)
FNDA:1,(anonymous_2)
DA:5,1
DA:11,1
DA:18,1
DA:25,1
DA:31,1
DA:37,2
DA:39,2
DA:40,1
DA:41,1
DA:42,1
DA:43,1
DA:47,2
DA:48,2
DA:50,4
DA:56,2
DA:63,1
LF:16
LH:16
BRF:0
BRH:0
end_of_record
TN:
SF:src/components/header.js
FN:89,Header
FNF:1
FNH:1
FNDA:2,Header
DA:11,1
DA:18,1
DA:39,1
DA:55,1
DA:60,1
DA:67,1
DA:74,1
DA:80,1
DA:90,2
DA:91,2
DA:93,1
DA:106,1
DA:107,1
DA:133,0
LF:14
LH:13
BRDA:91,0,0,1
BRDA:91,0,1,1
BRDA:106,1,0,1
BRDA:106,1,1,0
BRF:4
BRH:3
end_of_record
TN:
SF:src/components/singleQuestionPageQuestion.js
FN:139,SingleQuestionPageQuestion
FN:147,(anonymous_1)
FN:161,(anonymous_2)
FN:162,(anonymous_3)
FN:165,(anonymous_4)
FN:177,(anonymous_5)
FN:183,(anonymous_6)
FN:201,(anonymous_7)
FN:212,(anonymous_8)
FN:239,(anonymous_9)
FN:266,(anonymous_10)
FN:273,(anonymous_11)
FN:284,(anonymous_12)
FN:290,(anonymous_13)
FN:307,(anonymous_14)
FN:331,(anonymous_15)
FN:347,(anonymous_16)
FN:368,(anonymous_17)
FN:384,(anonymous_18)
FN:406,(anonymous_19)
FNF:20
FNH:5
FNDA:4,SingleQuestionPageQuestion
FNDA:2,(anonymous_1)
FNDA:2,(anonymous_2)
FNDA:2,(anonymous_3)
FNDA:0,(anonymous_4)
FNDA:2,(anonymous_5)
FNDA:0,(anonymous_6)
FNDA:0,(anonymous_7)
FNDA:0,(anonymous_8)
FNDA:0,(anonymous_9)
FNDA:0,(anonymous_10)
FNDA:0,(anonymous_11)
FNDA:0,(anonymous_12)
FNDA:0,(anonymous_13)
FNDA:0,(anonymous_14)
FNDA:0,(anonymous_15)
FNDA:0,(anonymous_16)
FNDA:0,(anonymous_17)
FNDA:0,(anonymous_18)
FNDA:0,(anonymous_19)
DA:12,2
DA:18,2
DA:31,2
DA:37,2
DA:45,2
DA:56,2
DA:65,2
DA:71,2
DA:86,2
DA:91,2
DA:95,2
DA:101,2
DA:108,2
DA:114,2
DA:118,2
DA:122,2
DA:130,2
DA:140,4
DA:141,4
DA:142,4
DA:143,4
DA:145,4
DA:146,4
DA:147,4
DA:148,2
DA:149,0
DA:150,0
DA:151,0
DA:152,0
DA:154,0
DA:155,0
DA:160,4
DA:161,4
DA:162,2
DA:163,2
DA:164,2
DA:165,2
DA:169,0
DA:171,2
DA:174,2
DA:177,4
DA:178,2
DA:179,2
DA:182,4
DA:183,4
DA:184,0
DA:185,0
DA:186,0
DA:188,0
DA:197,4
DA:199,4
DA:200,4
DA:201,4
DA:202,0
DA:203,0
DA:204,0
DA:205,0
DA:209,0
DA:212,4
DA:213,0
DA:214,0
DA:218,0
DA:219,0
DA:220,0
DA:221,0
DA:225,0
DA:226,0
DA:227,0
DA:229,0
DA:233,0
DA:234,0
DA:235,0
DA:239,4
DA:240,0
DA:241,0
DA:245,0
DA:246,0
DA:247,0
DA:248,0
DA:252,0
DA:253,0
DA:254,0
DA:256,0
DA:260,0
DA:261,0
DA:262,0
DA:266,4
DA:267,0
DA:268,0
DA:271,4
DA:272,4
DA:273,4
DA:274,0
DA:277,0
DA:278,0
DA:281,0
DA:284,4
DA:285,0
DA:286,0
DA:287,0
DA:290,4
DA:291,0
DA:294,0
DA:295,0
DA:299,4
DA:300,0
DA:301,0
DA:307,0
DA:331,0
DA:341,0
DA:347,0
DA:368,0
DA:379,4
DA:384,0
DA:406,0
LF:115
LH:52
BRDA:148,0,0,0
BRDA:148,0,1,2
BRDA:149,1,0,0
BRDA:149,1,1,0
BRDA:151,2,0,0
BRDA:151,2,1,0
BRDA:185,3,0,0
BRDA:185,3,1,0
BRDA:213,4,0,0
BRDA:213,4,1,0
BRDA:220,5,0,0
BRDA:220,5,1,0
BRDA:240,6,0,0
BRDA:240,6,1,0
BRDA:247,7,0,0
BRDA:247,7,1,0
BRDA:299,8,0,0
BRDA:299,8,1,4
BRDA:300,9,0,0
BRDA:300,9,1,0
BRF:20
BRH:2
end_of_record
TN:
SF:src/components/styledButton.js
FNF:0
FNH:0
DA:3,4
LF:1
LH:1
BRF:0
BRH:0
end_of_record
TN:
SF:src/firebase-config/firebase.js
FNF:0
FNH:0
DA:11,6
DA:22,6
DA:23,6
DA:24,6
LF:4
LH:4
BRF:0
BRH:0
end_of_record
TN:
SF:src/pages/askPage.js
FN:75,AskPage
FN:85,(anonymous_1)
FN:110,(anonymous_2)
FN:117,(anonymous_3)
FNF:4
FNH:4
FNDA:4,AskPage
FNDA:1,(anonymous_1)
FNDA:1,(anonymous_2)
FNDA:1,(anonymous_3)
DA:9,1
DA:16,1
DA:27,1
DA:40,1
DA:46,1
DA:51,1
DA:56,1
DA:68,1
DA:77,4
DA:79,4
DA:80,4
DA:82,4
DA:83,4
DA:85,4
DA:86,1
DA:87,1
DA:95,1
DA:96,1
DA:98,4
DA:110,1
DA:117,1
LF:21
LH:21
BRF:0
BRH:0
end_of_record
TN:
SF:src/pages/changePasswordPage.js
FN:49,(anonymous_0)
FN:75,(anonymous_1)
FN:86,(anonymous_2)
FN:95,(anonymous_3)
FN:105,(anonymous_4)
FN:122,(anonymous_5)
FN:131,(anonymous_6)
FN:142,(anonymous_7)
FN:187,(anonymous_8)
FN:192,(anonymous_9)
FN:193,(anonymous_10)
FN:208,(anonymous_11)
FN:213,(anonymous_12)
FN:214,(anonymous_13)
FN:240,(anonymous_14)
FN:245,(anonymous_15)
FN:246,(anonymous_16)
FNF:17
FNH:7
FNDA:8,(anonymous_0)
FNDA:3,(anonymous_1)
FNDA:4,(anonymous_2)
FNDA:0,(anonymous_3)
FNDA:0,(anonymous_4)
FNDA:2,(anonymous_5)
FNDA:0,(anonymous_6)
FNDA:0,(anonymous_7)
FNDA:1,(anonymous_8)
FNDA:0,(anonymous_9)
FNDA:0,(anonymous_10)
FNDA:1,(anonymous_11)
FNDA:0,(anonymous_12)
FNDA:0,(anonymous_13)
FNDA:1,(anonymous_14)
FNDA:0,(anonymous_15)
FNDA:0,(anonymous_16)
DA:15,1
DA:17,1
DA:25,1
DA:32,1
DA:43,1
DA:49,1
DA:52,8
DA:54,8
DA:55,8
DA:56,8
DA:58,8
DA:59,8
DA:60,8
DA:62,8
DA:63,8
DA:64,8
DA:66,8
DA:67,8
DA:75,8
DA:76,3
DA:77,3
DA:78,3
DA:79,3
DA:81,3
DA:82,3
DA:86,8
DA:87,4
DA:91,8
DA:92,8
DA:95,8
DA:96,0
DA:98,0
DA:99,0
DA:105,8
DA:106,0
DA:109,0
DA:110,0
DA:111,0
DA:115,0
DA:116,0
DA:122,8
DA:123,2
DA:124,2
DA:125,2
DA:126,2
DA:129,8
DA:131,8
DA:133,0
DA:135,0
DA:136,0
DA:137,0
DA:138,0
DA:139,0
DA:142,0
DA:143,0
DA:144,0
DA:145,0
DA:148,0
DA:150,0
DA:151,0
DA:152,0
DA:155,0
DA:156,0
DA:159,0
DA:160,0
DA:166,8
DA:187,1
DA:192,0
DA:193,0
DA:208,1
DA:213,0
DA:214,0
DA:240,1
DA:245,0
DA:246,0
LF:75
LH:42
BRDA:137,0,0,0
BRDA:137,0,1,0
BRDA:137,1,0,0
BRDA:137,1,1,0
BRDA:169,2,0,0
BRDA:169,2,1,8
BRDA:170,3,0,0
BRDA:170,3,1,8
BRDA:177,4,0,0
BRDA:177,4,1,8
BRDA:180,5,0,8
BRDA:180,5,1,0
BRDA:190,6,0,0
BRDA:190,6,1,8
BRDA:198,7,0,0
BRDA:198,7,1,8
BRDA:201,8,0,8
BRDA:201,8,1,0
BRDA:211,9,0,0
BRDA:211,9,1,8
BRDA:216,10,0,0
BRDA:216,10,1,8
BRDA:216,11,0,8
BRDA:216,11,1,0
BRDA:230,12,0,1
BRDA:230,12,1,7
BRDA:230,13,0,8
BRDA:230,13,1,5
BRDA:233,14,0,8
BRDA:233,14,1,0
BRDA:233,15,0,8
BRDA:233,15,1,0
BRDA:243,16,0,5
BRDA:243,16,1,3
BRDA:248,17,0,0
BRDA:248,17,1,8
BRDA:248,18,0,8
BRDA:248,18,1,0
BRDA:253,19,0,8
BRDA:253,19,1,0
BRDA:253,20,0,8
BRDA:253,20,1,0
BRDA:253,20,2,0
BRF:43
BRH:22
end_of_record
TN:
SF:src/pages/communityPage.js
FN:24,CommunityPage
FN:31,(anonymous_1)
FN:32,(anonymous_2)
FN:37,(anonymous_3)
FN:55,(anonymous_4)
FNF:5
FNH:3
FNDA:1,CommunityPage
FNDA:1,(anonymous_1)
FNDA:1,(anonymous_2)
FNDA:0,(anonymous_3)
FNDA:0,(anonymous_4)
DA:10,1
DA:18,1
DA:26,1
DA:28,1
DA:31,1
DA:32,1
DA:33,1
DA:35,1
DA:37,0
DA:42,0
DA:44,0
DA:48,1
DA:53,1
DA:55,1
DA:56,0
DA:66,1
LF:16
LH:12
BRF:0
BRH:0
end_of_record
TN:
SF:src/pages/loginPage.js
FN:59,(anonymous_0)
FN:71,(anonymous_1)
FN:93,(anonymous_2)
FN:109,(anonymous_3)
FN:118,(anonymous_4)
FNF:5
FNH:5
FNDA:8,(anonymous_0)
FNDA:1,(anonymous_1)
FNDA:5,(anonymous_2)
FNDA:1,(anonymous_3)
FNDA:1,(anonymous_4)
DA:9,1
DA:17,1
DA:28,1
DA:34,1
DA:42,1
DA:51,1
DA:59,1
DA:60,8
DA:61,8
DA:63,8
DA:64,8
DA:65,8
DA:67,8
DA:70,8
DA:71,8
DA:72,1
DA:73,1
DA:74,1
DA:75,1
DA:78,0
DA:82,1
DA:83,1
DA:84,1
DA:85,1
DA:86,1
DA:88,1
DA:89,1
DA:93,8
DA:94,5
DA:97,8
DA:109,1
DA:118,1
LF:32
LH:31
BRDA:82,0,0,1
BRDA:82,0,1,0
BRDA:98,1,0,0
BRDA:98,1,1,8
BRDA:122,2,0,8
BRDA:122,2,1,0
BRF:6
BRH:3
end_of_record
TN:
SF:src/pages/profilePage.js
FN:105,Profile
FN:115,(anonymous_1)
FN:120,(anonymous_2)
FN:123,(anonymous_3)
FN:125,(anonymous_4)
FN:145,(anonymous_5)
FN:146,(anonymous_6)
FN:167,(anonymous_7)
FN:168,(anonymous_8)
FN:171,(anonymous_9)
FN:185,(anonymous_10)
FNF:11
FNH:5
FNDA:2,Profile
FNDA:0,(anonymous_1)
FNDA:0,(anonymous_2)
FNDA:0,(anonymous_3)
FNDA:0,(anonymous_4)
FNDA:1,(anonymous_5)
FNDA:1,(anonymous_6)
FNDA:1,(anonymous_7)
FNDA:1,(anonymous_8)
FNDA:0,(anonymous_9)
FNDA:0,(anonymous_10)
DA:11,1
DA:27,1
DA:32,1
DA:39,1
DA:47,1
DA:56,1
DA:62,1
DA:67,1
DA:71,1
DA:87,1
DA:95,1
DA:107,2
DA:109,2
DA:111,2
DA:112,2
DA:115,2
DA:116,0
DA:117,0
DA:120,2
DA:121,0
DA:122,0
DA:123,0
DA:128,0
DA:129,0
DA:130,0
DA:134,2
DA:135,2
DA:136,2
DA:140,2
DA:142,2
DA:145,1
DA:146,1
DA:147,1
DA:148,1
DA:149,0
DA:150,0
DA:152,1
DA:155,1
DA:156,1
DA:158,0
DA:163,1
DA:165,1
DA:167,1
DA:168,1
DA:169,1
DA:170,1
DA:171,1
DA:175,0
DA:177,1
DA:180,1
DA:184,1
DA:185,1
DA:186,0
DA:187,0
DA:188,0
DA:198,0
DA:201,0
DA:202,0
DA:212,0
DA:218,1
DA:219,1
DA:220,1
DA:221,1
DA:223,0
DA:224,0
DA:229,1
DA:230,1
DA:232,0
DA:233,0
DA:234,0
DA:235,0
DA:236,0
DA:237,0
DA:238,0
DA:239,0
DA:240,0
DA:258,1
DA:259,1
DA:260,0
DA:285,1
DA:307,0
LF:81
LH:49
BRDA:135,0,0,2
BRDA:135,0,1,0
BRDA:155,1,0,1
BRDA:155,1,1,0
BRDA:186,2,0,0
BRDA:186,2,1,0
BRDA:187,3,0,0
BRDA:187,3,1,0
BRDA:201,4,0,0
BRDA:201,4,1,0
BRDA:258,5,0,1
BRDA:258,5,1,0
BRDA:259,6,0,0
BRDA:259,6,1,1
BRF:14
BRH:4
end_of_record
TN:
SF:src/pages/questionsPage.js
FN:28,QuestionsPage
FN:41,(anonymous_1)
FN:42,(anonymous_2)
FN:46,(anonymous_3)
FN:64,(anonymous_4)
FN:109,(anonymous_5)
FNF:6
FNH:4
FNDA:1,QuestionsPage
FNDA:1,(anonymous_1)
FNDA:1,(anonymous_2)
FNDA:0,(anonymous_3)
FNDA:0,(anonymous_4)
FNDA:1,(anonymous_5)
DA:12,1
DA:20,1
DA:26,1
DA:31,1
DA:33,1
DA:36,1
DA:38,1
DA:41,1
DA:42,1
DA:43,1
DA:44,1
DA:46,0
DA:50,0
DA:52,0
DA:56,1
DA:58,1
DA:61,1
DA:62,1
DA:64,1
DA:66,0
DA:67,0
DA:83,0
DA:85,0
DA:106,1
DA:109,1
DA:110,1
DA:111,1
DA:114,1
LF:28
LH:21
BRDA:66,0,0,0
BRDA:66,0,1,0
BRDA:83,1,0,0
BRDA:83,1,1,0
BRF:4
BRH:0
end_of_record
TN:
SF:src/pages/registrationPage.js
FN:67,(anonymous_0)
FN:111,(anonymous_1)
FN:116,(anonymous_2)
FN:124,(anonymous_3)
FN:135,(anonymous_4)
FN:143,(anonymous_5)
FN:151,(anonymous_6)
FN:159,(anonymous_7)
FN:168,(anonymous_8)
FN:173,(anonymous_9)
FN:248,(anonymous_10)
FN:252,(anonymous_11)
FN:253,(anonymous_12)
FN:278,(anonymous_13)
FN:282,(anonymous_14)
FN:283,(anonymous_15)
FN:307,(anonymous_16)
FN:311,(anonymous_17)
FN:312,(anonymous_18)
FN:336,(anonymous_19)
FN:340,(anonymous_20)
FN:341,(anonymous_21)
FN:364,(anonymous_22)
FN:368,(anonymous_23)
FN:369,(anonymous_24)
FN:392,(anonymous_25)
FN:397,(anonymous_26)
FN:398,(anonymous_27)
FN:426,(anonymous_28)
FN:431,(anonymous_29)
FN:432,(anonymous_30)
FNF:31
FNH:18
FNDA:20,(anonymous_0)
FNDA:2,(anonymous_1)
FNDA:3,(anonymous_2)
FNDA:4,(anonymous_3)
FNDA:3,(anonymous_4)
FNDA:3,(anonymous_5)
FNDA:3,(anonymous_6)
FNDA:3,(anonymous_7)
FNDA:9,(anonymous_8)
FNDA:1,(anonymous_9)
FNDA:1,(anonymous_10)
FNDA:2,(anonymous_11)
FNDA:0,(anonymous_12)
FNDA:1,(anonymous_13)
FNDA:0,(anonymous_14)
FNDA:0,(anonymous_15)
FNDA:1,(anonymous_16)
FNDA:0,(anonymous_17)
FNDA:0,(anonymous_18)
FNDA:1,(anonymous_19)
FNDA:0,(anonymous_20)
FNDA:0,(anonymous_21)
FNDA:1,(anonymous_22)
FNDA:0,(anonymous_23)
FNDA:0,(anonymous_24)
FNDA:1,(anonymous_25)
FNDA:0,(anonymous_26)
FNDA:0,(anonymous_27)
FNDA:1,(anonymous_28)
FNDA:0,(anonymous_29)
FNDA:0,(anonymous_30)
DA:13,1
DA:15,1
DA:18,1
DA:20,1
DA:22,1
DA:25,1
DA:33,1
DA:44,1
DA:50,1
DA:58,1
DA:67,1
DA:69,20
DA:70,20
DA:73,20
DA:74,20
DA:75,20
DA:78,20
DA:79,20
DA:80,20
DA:83,20
DA:84,20
DA:85,20
DA:88,20
DA:89,20
DA:90,20
DA:93,20
DA:94,20
DA:95,20
DA:98,20
DA:99,20
DA:100,20
DA:103,20
DA:104,20
DA:105,20
DA:108,20
DA:111,20
DA:112,2
DA:116,20
DA:117,3
DA:118,3
DA:119,3
DA:120,3
DA:124,20
DA:125,4
DA:126,4
DA:127,4
DA:128,4
DA:130,4
DA:131,4
DA:135,20
DA:136,3
DA:137,3
DA:138,3
DA:139,3
DA:143,20
DA:144,3
DA:145,3
DA:146,3
DA:147,3
DA:151,20
DA:152,3
DA:153,3
DA:154,3
DA:155,3
DA:159,20
DA:160,3
DA:161,3
DA:162,3
DA:163,3
DA:168,20
DA:169,9
DA:172,20
DA:173,20
DA:174,1
DA:176,1
DA:177,1
DA:178,1
DA:179,1
DA:180,1
DA:181,1
DA:184,1
DA:185,0
DA:186,0
DA:188,1
DA:190,1
DA:193,0
DA:195,0
DA:196,0
DA:204,0
DA:207,0
DA:215,0
DA:219,0
DA:221,0
DA:222,0
DA:225,20
DA:248,1
DA:252,2
DA:253,0
DA:278,1
DA:282,0
DA:283,0
DA:307,1
DA:311,0
DA:312,0
DA:336,1
DA:340,0
DA:341,0
DA:364,1
DA:368,0
DA:369,0
DA:392,1
DA:397,0
DA:398,0
DA:426,1
DA:431,0
DA:432,0
LF:116
LH:92
BRDA:184,0,0,0
BRDA:184,0,1,1
BRDA:184,1,0,1
BRDA:184,1,1,1
BRDA:184,1,2,1
BRDA:184,1,3,1
BRDA:184,1,4,1
BRDA:184,1,5,1
BRDA:195,2,0,0
BRDA:195,2,1,0
BRDA:227,3,0,0
BRDA:227,3,1,20
BRDA:236,4,0,13
BRDA:236,4,1,7
BRDA:239,5,0,7
BRDA:239,5,1,13
BRDA:239,6,0,20
BRDA:239,6,1,13
BRDA:250,7,0,13
BRDA:250,7,1,7
BRDA:255,8,0,1
BRDA:255,8,1,19
BRDA:255,9,0,20
BRDA:255,9,1,18
BRDA:255,9,2,14
BRDA:266,10,0,11
BRDA:266,10,1,9
BRDA:269,11,0,9
BRDA:269,11,1,11
BRDA:269,12,0,20
BRDA:269,12,1,11
BRDA:280,13,0,11
BRDA:280,13,1,9
BRDA:285,14,0,0
BRDA:285,14,1,20
BRDA:285,15,0,20
BRDA:285,15,1,0
BRDA:285,15,2,0
BRDA:294,16,0,9
BRDA:294,16,1,11
BRDA:297,17,0,11
BRDA:297,17,1,9
BRDA:297,18,0,20
BRDA:297,18,1,9
BRDA:309,19,0,9
BRDA:309,19,1,11
BRDA:314,20,0,0
BRDA:314,20,1,20
BRDA:314,21,0,20
BRDA:314,21,1,0
BRDA:314,21,2,0
BRDA:324,22,0,7
BRDA:324,22,1,13
BRDA:327,23,0,13
BRDA:327,23,1,7
BRDA:327,24,0,20
BRDA:327,24,1,7
BRDA:338,25,0,7
BRDA:338,25,1,13
BRDA:343,26,0,0
BRDA:343,26,1,20
BRDA:343,27,0,20
BRDA:343,27,1,0
BRDA:343,27,2,0
BRDA:352,28,0,5
BRDA:352,28,1,15
BRDA:355,29,0,15
BRDA:355,29,1,5
BRDA:355,30,0,20
BRDA:355,30,1,5
BRDA:366,31,0,5
BRDA:366,31,1,15
BRDA:371,32,0,0
BRDA:371,32,1,20
BRDA:371,33,0,20
BRDA:371,33,1,0
BRDA:371,33,2,0
BRDA:382,34,0,3
BRDA:382,34,1,17
BRDA:385,35,0,17
BRDA:385,35,1,3
BRDA:385,36,0,20
BRDA:385,36,1,3
BRDA:395,37,0,3
BRDA:395,37,1,17
BRDA:400,38,0,0
BRDA:400,38,1,20
BRDA:400,39,0,20
BRDA:400,39,1,0
BRDA:416,40,0,1
BRDA:416,40,1,19
BRDA:416,41,0,20
BRDA:416,41,1,14
BRDA:419,42,0,18
BRDA:419,42,1,2
BRDA:419,43,0,20
BRDA:419,43,1,3
BRDA:429,44,0,14
BRDA:429,44,1,6
BRDA:434,45,0,0
BRDA:434,45,1,20
BRDA:434,46,0,20
BRDA:434,46,1,0
BRDA:440,47,0,20
BRDA:440,47,1,13
BRDA:440,47,2,3
BRDA:440,47,3,1
BRDA:440,47,4,1
BRDA:440,47,5,1
BRDA:440,47,6,1
BRF:110
BRH:90
end_of_record
TN:
SF:src/pages/reportsPage.js
FN:22,ReportsPage
FN:32,(anonymous_1)
FN:33,(anonymous_2)
FN:36,(anonymous_3)
FN:50,(anonymous_4)
FN:51,(anonymous_5)
FN:72,(anonymous_6)
FNF:7
FNH:4
FNDA:1,ReportsPage
FNDA:1,(anonymous_1)
FNDA:1,(anonymous_2)
FNDA:0,(anonymous_3)
FNDA:1,(anonymous_4)
FNDA:0,(anonymous_5)
FNDA:0,(anonymous_6)
DA:8,1
DA:16,1
DA:23,1
DA:26,1
DA:27,1
DA:29,1
DA:32,1
DA:33,1
DA:34,1
DA:35,1
DA:36,1
DA:40,0
DA:41,0
DA:42,0
DA:44,1
DA:47,1
DA:49,1
DA:50,1
DA:51,1
DA:52,0
DA:53,0
DA:54,0
DA:55,0
DA:56,0
DA:59,0
DA:60,0
DA:61,0
DA:63,0
DA:67,0
DA:70,1
DA:72,1
DA:73,0
DA:91,1
LF:33
LH:19
BRDA:59,0,0,0
BRDA:59,0,1,0
BRDA:60,1,0,0
BRDA:60,1,1,0
BRDA:60,2,0,0
BRDA:60,2,1,0
BRF:6
BRH:0
end_of_record
TN:
SF:src/pages/singleQuestionPage.js
FN:53,SingleQuestionPage
FN:77,(anonymous_1)
FN:78,(anonymous_2)
FN:81,(anonymous_3)
FN:121,(anonymous_4)
FN:122,(anonymous_5)
FN:125,(anonymous_6)
FN:137,(anonymous_7)
FN:138,(anonymous_8)
FN:146,(anonymous_9)
FN:179,(anonymous_10)
FN:234,(anonymous_11)
FNF:12
FNH:9
FNDA:4,SingleQuestionPage
FNDA:2,(anonymous_1)
FNDA:2,(anonymous_2)
FNDA:0,(anonymous_3)
FNDA:2,(anonymous_4)
FNDA:2,(anonymous_5)
FNDA:0,(anonymous_6)
FNDA:2,(anonymous_7)
FNDA:2,(anonymous_8)
FNDA:0,(anonymous_9)
FNDA:1,(anonymous_10)
FNDA:1,(anonymous_11)
DA:9,2
DA:16,2
DA:24,2
DA:33,2
DA:38,2
DA:54,4
DA:57,3
DA:58,3
DA:60,3
DA:61,3
DA:62,3
DA:63,3
DA:64,3
DA:65,3
DA:66,3
DA:67,3
DA:68,3
DA:69,3
DA:70,3
DA:71,3
DA:73,3
DA:74,3
DA:77,3
DA:78,2
DA:79,2
DA:80,2
DA:81,2
DA:85,0
DA:87,2
DA:90,2
DA:94,3
DA:95,0
DA:96,0
DA:97,0
DA:101,3
DA:102,0
DA:103,0
DA:104,0
DA:106,0
DA:111,3
DA:112,3
DA:115,3
DA:117,3
DA:118,3
DA:119,3
DA:121,3
DA:122,2
DA:123,2
DA:124,2
DA:125,2
DA:129,0
DA:131,2
DA:134,2
DA:137,3
DA:138,2
DA:139,2
DA:143,2
DA:146,3
DA:147,0
DA:148,0
DA:161,0
DA:162,0
DA:177,3
DA:179,3
DA:180,1
DA:181,1
DA:186,1
DA:189,1
DA:190,1
DA:191,1
DA:193,3
DA:194,0
DA:213,3
DA:234,1
LF:74
LH:60
BRDA:95,0,0,0
BRDA:95,0,1,0
BRDA:102,1,0,0
BRDA:102,1,1,0
BRDA:103,2,0,0
BRDA:103,2,1,0
BRDA:147,3,0,0
BRDA:147,3,1,0
BRDA:161,4,0,0
BRDA:161,4,1,0
BRDA:193,5,0,0
BRDA:193,5,1,3
BRF:12
BRH:1
end_of_record
