TN:
SF:src\App.js
FN:32,App
FNF:1
FNH:0
FNDA:0,App
DA:19,0
DA:23,0
DA:33,0
LF:3
LH:0
BRF:0
BRH:0
end_of_record
TN:
SF:src\components\CommunityRow.js
FN:46,CommunityRow
FN:53,(anonymous_1)
FN:62,(anonymous_2)
FNF:3
FNH:3
FNDA:2,CommunityRow
FNDA:1,(anonymous_1)
FNDA:1,(anonymous_2)
DA:4,2
DA:11,2
DA:18,2
DA:27,2
DA:47,2
DA:49,2
DA:50,2
DA:51,2
DA:53,2
DA:54,1
DA:55,1
DA:58,2
DA:62,1
LF:13
LH:13
BRF:0
BRH:0
end_of_record
TN:
SF:src\components\QuestionRow.js
FN:70,QuestionRow
FN:96,routeChangeToSingleQuestion
FN:104,(anonymous_2)
FN:116,(anonymous_3)
FN:128,(anonymous_4)
FN:131,(anonymous_5)
FNF:6
FNH:3
FNDA:4,QuestionRow
FNDA:1,routeChangeToSingleQuestion
FNDA:0,(anonymous_2)
FNDA:0,(anonymous_3)
FNDA:1,(anonymous_4)
FNDA:0,(anonymous_5)
DA:7,2
DA:21,2
DA:25,2
DA:35,2
DA:43,2
DA:56,2
DA:64,2
DA:71,4
DA:73,4
DA:74,4
DA:75,4
DA:76,4
DA:77,4
DA:78,4
DA:79,4
DA:80,4
DA:81,4
DA:82,4
DA:84,4
DA:87,4
DA:88,4
DA:90,8
DA:97,1
DA:98,1
DA:99,1
DA:100,1
DA:104,4
DA:105,0
DA:106,0
DA:109,4
DA:110,0
DA:116,0
DA:122,4
DA:128,1
DA:131,0
LF:35
LH:30
BRDA:109,0,0,0
BRDA:109,0,1,4
BRF:2
BRH:1
end_of_record
TN:
SF:src\components\answerArea.js
FN:98,AnswerArea
FN:104,(anonymous_1)
FN:123,(anonymous_2)
FN:142,(anonymous_3)
FN:143,(anonymous_4)
FN:146,(anonymous_5)
FN:180,(anonymous_6)
FN:188,(anonymous_7)
FN:189,(anonymous_8)
FN:192,(anonymous_9)
FN:208,(anonymous_10)
FN:233,(anonymous_11)
FN:260,(anonymous_12)
FN:290,(anonymous_13)
FN:294,(anonymous_14)
FN:304,(anonymous_15)
FN:337,(anonymous_16)
FN:370,(anonymous_17)
FN:405,(anonymous_18)
FN:439,(anonymous_19)
FNF:20
FNH:5
FNDA:2,AnswerArea
FNDA:0,(anonymous_1)
FNDA:0,(anonymous_2)
FNDA:2,(anonymous_3)
FNDA:2,(anonymous_4)
FNDA:0,(anonymous_5)
FNDA:0,(anonymous_6)
FNDA:2,(anonymous_7)
FNDA:2,(anonymous_8)
FNDA:0,(anonymous_9)
FNDA:0,(anonymous_10)
FNDA:0,(anonymous_11)
FNDA:0,(anonymous_12)
FNDA:0,(anonymous_13)
FNDA:0,(anonymous_14)
FNDA:0,(anonymous_15)
FNDA:0,(anonymous_16)
FNDA:0,(anonymous_17)
FNDA:0,(anonymous_18)
FNDA:0,(anonymous_19)
DA:10,3
DA:15,3
DA:20,3
DA:27,3
DA:30,3
DA:43,3
DA:48,3
DA:54,3
DA:60,3
DA:64,3
DA:73,3
DA:86,3
DA:92,3
DA:99,2
DA:102,2
DA:103,2
DA:104,2
DA:105,0
DA:106,0
DA:107,0
DA:108,0
DA:109,0
DA:111,0
DA:112,0
DA:118,2
DA:119,2
DA:120,2
DA:121,2
DA:122,2
DA:123,2
DA:124,0
DA:125,0
DA:126,0
DA:127,0
DA:132,0
DA:135,2
DA:136,2
DA:137,2
DA:138,2
DA:139,2
DA:140,2
DA:142,2
DA:143,2
DA:144,2
DA:145,2
DA:146,0
DA:150,0
DA:152,0
DA:155,2
DA:158,2
DA:159,0
DA:160,0
DA:161,0
DA:163,0
DA:164,0
DA:165,0
DA:166,0
DA:167,0
DA:171,2
DA:173,2
DA:174,2
DA:179,2
DA:180,2
DA:181,0
DA:182,0
DA:183,0
DA:188,2
DA:189,2
DA:190,2
DA:191,2
DA:192,0
DA:196,0
DA:198,0
DA:201,2
DA:204,2
DA:205,2
DA:207,2
DA:208,2
DA:209,0
DA:210,0
DA:211,0
DA:213,0
DA:222,0
DA:223,0
DA:224,0
DA:226,0
DA:227,0
DA:228,0
DA:231,2
DA:233,2
DA:234,0
DA:235,0
DA:239,0
DA:240,0
DA:241,0
DA:242,0
DA:246,0
DA:247,0
DA:248,0
DA:250,0
DA:254,0
DA:255,0
DA:256,0
DA:260,2
DA:261,0
DA:262,0
DA:266,0
DA:267,0
DA:268,0
DA:269,0
DA:273,0
DA:274,0
DA:275,0
DA:277,0
DA:281,0
DA:282,0
DA:283,0
DA:287,2
DA:288,2
DA:290,2
DA:291,0
DA:294,2
DA:295,0
DA:296,0
DA:297,0
DA:300,0
DA:301,0
DA:304,2
DA:305,0
DA:308,2
DA:309,0
DA:337,0
DA:346,2
DA:347,0
DA:348,0
DA:370,0
DA:380,0
DA:405,0
DA:418,2
DA:439,0
LF:140
LH:60
BRDA:105,0,0,0
BRDA:105,0,1,0
BRDA:106,1,0,0
BRDA:106,1,1,0
BRDA:108,2,0,0
BRDA:108,2,1,0
BRDA:159,3,0,0
BRDA:159,3,1,0
BRDA:164,4,0,0
BRDA:164,4,1,0
BRDA:166,5,0,0
BRDA:166,5,1,0
BRDA:210,6,0,0
BRDA:210,6,1,0
BRDA:222,7,0,0
BRDA:222,7,1,0
BRDA:222,8,0,0
BRDA:222,8,1,0
BRDA:226,9,0,0
BRDA:226,9,1,0
BRDA:234,10,0,0
BRDA:234,10,1,0
BRDA:241,11,0,0
BRDA:241,11,1,0
BRDA:261,12,0,0
BRDA:261,12,1,0
BRDA:268,13,0,0
BRDA:268,13,1,0
BRDA:308,14,0,0
BRDA:308,14,1,2
BRDA:346,15,0,0
BRDA:346,15,1,2
BRDA:347,16,0,0
BRDA:347,16,1,0
BRDA:350,17,0,0
BRDA:350,17,1,0
BRDA:382,18,0,0
BRDA:382,18,1,0
BRDA:420,19,0,2
BRDA:420,19,1,0
BRF:40
BRH:3
end_of_record
TN:
SF:src\firebase-config\firebase.js
FNF:0
FNH:0
DA:11,4
DA:22,4
DA:23,4
DA:24,4
LF:4
LH:4
BRF:0
BRH:0
end_of_record
TN:
SF:src\pages\askPage.js
FN:75,AskPage
FN:85,(anonymous_1)
FN:110,(anonymous_2)
FN:117,(anonymous_3)
FNF:4
FNH:4
FNDA:4,AskPage
FNDA:1,(anonymous_1)
FNDA:1,(anonymous_2)
FNDA:1,(anonymous_3)
DA:9,1
DA:16,1
DA:27,1
DA:40,1
DA:46,1
DA:51,1
DA:56,1
DA:68,1
DA:77,4
DA:79,4
DA:80,4
DA:82,4
DA:83,4
DA:85,4
DA:86,1
DA:87,1
DA:95,1
DA:96,1
DA:98,4
DA:110,1
DA:117,1
LF:21
LH:21
BRF:0
BRH:0
end_of_record
TN:
SF:src\pages\communityPage.js
FN:22,CommunityPage
FN:26,(anonymous_1)
FN:27,(anonymous_2)
FN:30,(anonymous_3)
FN:46,(anonymous_4)
FNF:5
FNH:3
FNDA:1,CommunityPage
FNDA:1,(anonymous_1)
FNDA:1,(anonymous_2)
FNDA:0,(anonymous_3)
FNDA:0,(anonymous_4)
DA:9,1
DA:16,1
DA:23,1
DA:24,1
DA:26,1
DA:27,1
DA:28,1
DA:29,1
DA:30,0
DA:34,0
DA:36,0
DA:40,1
DA:45,1
DA:46,1
DA:47,0
DA:57,1
LF:16
LH:12
BRF:0
BRH:0
end_of_record
TN:
SF:src\pages\loginPage.js
FN:50,(anonymous_0)
FN:60,(anonymous_1)
FN:77,(anonymous_2)
FN:93,(anonymous_3)
FN:102,(anonymous_4)
FNF:5
FNH:5
FNDA:8,(anonymous_0)
FNDA:1,(anonymous_1)
FNDA:5,(anonymous_2)
FNDA:1,(anonymous_3)
FNDA:1,(anonymous_4)
DA:9,1
DA:17,1
DA:28,1
DA:34,1
DA:42,1
DA:50,1
DA:51,8
DA:52,8
DA:54,8
DA:55,8
DA:56,8
DA:59,8
DA:60,8
DA:61,1
DA:63,1
DA:64,1
DA:67,1
DA:68,1
DA:69,1
DA:70,1
DA:72,1
DA:73,1
DA:77,8
DA:78,5
DA:81,8
DA:93,1
DA:102,1
LF:27
LH:27
BRDA:67,0,0,1
BRDA:67,0,1,0
BRDA:82,1,0,0
BRDA:82,1,1,8
BRF:4
BRH:2
end_of_record
TN:
SF:src\pages\profilePage.js
FN:118,Profile
FN:124,(anonymous_1)
FN:128,(anonymous_2)
FN:131,(anonymous_3)
FN:133,(anonymous_4)
FN:151,(anonymous_5)
FN:152,(anonymous_6)
FN:171,(anonymous_7)
FN:172,(anonymous_8)
FN:175,(anonymous_9)
FN:190,(anonymous_10)
FNF:11
FNH:5
FNDA:2,Profile
FNDA:0,(anonymous_1)
FNDA:0,(anonymous_2)
FNDA:0,(anonymous_3)
FNDA:0,(anonymous_4)
FNDA:1,(anonymous_5)
FNDA:1,(anonymous_6)
FNDA:1,(anonymous_7)
FNDA:1,(anonymous_8)
FNDA:0,(anonymous_9)
FNDA:0,(anonymous_10)
DA:11,1
DA:27,1
DA:32,1
DA:39,1
DA:46,1
DA:54,1
DA:60,1
DA:69,1
DA:75,1
DA:80,1
DA:84,1
DA:100,1
DA:108,1
DA:120,2
DA:121,2
DA:122,2
DA:123,2
DA:124,2
DA:125,0
DA:126,0
DA:128,2
DA:129,0
DA:130,0
DA:131,0
DA:136,0
DA:137,0
DA:138,0
DA:141,2
DA:143,2
DA:144,2
DA:147,2
DA:149,2
DA:151,1
DA:152,1
DA:153,1
DA:154,1
DA:155,0
DA:156,0
DA:158,1
DA:161,1
DA:162,1
DA:164,0
DA:168,1
DA:169,1
DA:171,1
DA:172,1
DA:173,1
DA:174,1
DA:175,1
DA:179,0
DA:181,1
DA:185,1
DA:188,1
DA:190,1
DA:191,0
DA:192,0
DA:193,0
DA:203,0
DA:206,0
DA:207,0
DA:217,0
DA:222,1
DA:224,1
DA:227,1
DA:228,1
DA:229,1
DA:230,1
DA:232,0
DA:233,0
DA:240,1
DA:241,1
DA:243,0
DA:244,0
DA:245,0
DA:246,0
DA:247,0
DA:248,0
DA:249,0
DA:250,0
DA:251,0
DA:268,1
DA:269,1
DA:271,3
DA:276,1
DA:277,1
DA:278,0
DA:309,1
DA:337,0
LF:88
LH:56
BRDA:143,0,0,2
BRDA:143,0,1,0
BRDA:161,1,0,1
BRDA:161,1,1,0
BRDA:191,2,0,0
BRDA:191,2,1,0
BRDA:192,3,0,0
BRDA:192,3,1,0
BRDA:206,4,0,0
BRDA:206,4,1,0
BRDA:276,5,0,1
BRDA:276,5,1,0
BRDA:277,6,0,0
BRDA:277,6,1,1
BRF:14
BRH:4
end_of_record
TN:
SF:src\pages\registrationPage.js
FN:64,(anonymous_0)
FN:100,(anonymous_1)
FN:105,(anonymous_2)
FN:113,(anonymous_3)
FN:124,(anonymous_4)
FN:132,(anonymous_5)
FN:140,(anonymous_6)
FN:148,(anonymous_7)
FN:157,(anonymous_8)
FN:162,(anonymous_9)
FN:215,(anonymous_10)
FN:219,(anonymous_11)
FN:220,(anonymous_12)
FN:243,(anonymous_13)
FN:247,(anonymous_14)
FN:248,(anonymous_15)
FN:270,(anonymous_16)
FN:274,(anonymous_17)
FN:275,(anonymous_18)
FN:297,(anonymous_19)
FN:301,(anonymous_20)
FN:302,(anonymous_21)
FN:323,(anonymous_22)
FN:327,(anonymous_23)
FN:328,(anonymous_24)
FN:349,(anonymous_25)
FN:354,(anonymous_26)
FN:355,(anonymous_27)
FN:381,(anonymous_28)
FN:386,(anonymous_29)
FN:387,(anonymous_30)
FNF:31
FNH:18
FNDA:20,(anonymous_0)
FNDA:2,(anonymous_1)
FNDA:3,(anonymous_2)
FNDA:4,(anonymous_3)
FNDA:3,(anonymous_4)
FNDA:3,(anonymous_5)
FNDA:3,(anonymous_6)
FNDA:3,(anonymous_7)
FNDA:9,(anonymous_8)
FNDA:1,(anonymous_9)
FNDA:1,(anonymous_10)
FNDA:2,(anonymous_11)
FNDA:0,(anonymous_12)
FNDA:1,(anonymous_13)
FNDA:0,(anonymous_14)
FNDA:0,(anonymous_15)
FNDA:1,(anonymous_16)
FNDA:0,(anonymous_17)
FNDA:0,(anonymous_18)
FNDA:1,(anonymous_19)
FNDA:0,(anonymous_20)
FNDA:0,(anonymous_21)
FNDA:1,(anonymous_22)
FNDA:0,(anonymous_23)
FNDA:0,(anonymous_24)
FNDA:1,(anonymous_25)
FNDA:0,(anonymous_26)
FNDA:0,(anonymous_27)
FNDA:1,(anonymous_28)
FNDA:0,(anonymous_29)
FNDA:0,(anonymous_30)
DA:14,1
DA:16,1
DA:19,1
DA:21,1
DA:23,1
DA:25,1
DA:32,1
DA:42,1
DA:47,1
DA:55,1
DA:64,1
DA:66,20
DA:67,20
DA:69,20
DA:70,20
DA:71,20
DA:73,20
DA:74,20
DA:75,20
DA:77,20
DA:78,20
DA:79,20
DA:81,20
DA:82,20
DA:83,20
DA:85,20
DA:86,20
DA:87,20
DA:89,20
DA:90,20
DA:91,20
DA:93,20
DA:94,20
DA:95,20
DA:97,20
DA:100,20
DA:101,2
DA:105,20
DA:106,3
DA:107,3
DA:108,3
DA:109,3
DA:113,20
DA:114,4
DA:115,4
DA:116,4
DA:117,4
DA:119,4
DA:120,4
DA:124,20
DA:125,3
DA:126,3
DA:127,3
DA:128,3
DA:132,20
DA:133,3
DA:134,3
DA:135,3
DA:136,3
DA:140,20
DA:141,3
DA:142,3
DA:143,3
DA:144,3
DA:148,20
DA:149,3
DA:150,3
DA:151,3
DA:152,3
DA:157,20
DA:158,9
DA:161,20
DA:162,20
DA:163,1
DA:165,1
DA:166,1
DA:167,1
DA:168,1
DA:169,1
DA:170,1
DA:172,1
DA:173,0
DA:174,0
DA:176,1
DA:177,1
DA:179,0
DA:180,0
DA:188,0
DA:190,0
DA:191,0
DA:192,0
DA:195,20
DA:215,1
DA:219,2
DA:220,0
DA:243,1
DA:247,0
DA:248,0
DA:270,1
DA:274,0
DA:275,0
DA:297,1
DA:301,0
DA:302,0
DA:323,1
DA:327,0
DA:328,0
DA:349,1
DA:354,0
DA:355,0
DA:381,1
DA:386,0
DA:387,0
LF:113
LH:92
BRDA:172,0,0,0
BRDA:172,0,1,1
BRDA:172,1,0,1
BRDA:172,1,1,1
BRDA:172,1,2,1
BRDA:172,1,3,1
BRDA:172,1,4,1
BRDA:172,1,5,1
BRDA:197,2,0,0
BRDA:197,2,1,20
BRDA:203,3,0,13
BRDA:203,3,1,7
BRDA:206,4,0,7
BRDA:206,4,1,13
BRDA:206,5,0,20
BRDA:206,5,1,13
BRDA:217,6,0,13
BRDA:217,6,1,7
BRDA:222,7,0,1
BRDA:222,7,1,19
BRDA:222,8,0,20
BRDA:222,8,1,18
BRDA:222,8,2,14
BRDA:231,9,0,11
BRDA:231,9,1,9
BRDA:234,10,0,9
BRDA:234,10,1,11
BRDA:234,11,0,20
BRDA:234,11,1,11
BRDA:245,12,0,11
BRDA:245,12,1,9
BRDA:250,13,0,0
BRDA:250,13,1,20
BRDA:250,14,0,20
BRDA:250,14,1,0
BRDA:250,14,2,0
BRDA:257,15,0,9
BRDA:257,15,1,11
BRDA:260,16,0,11
BRDA:260,16,1,9
BRDA:260,17,0,20
BRDA:260,17,1,9
BRDA:272,18,0,9
BRDA:272,18,1,11
BRDA:277,19,0,0
BRDA:277,19,1,20
BRDA:277,20,0,20
BRDA:277,20,1,0
BRDA:277,20,2,0
BRDA:285,21,0,7
BRDA:285,21,1,13
BRDA:288,22,0,13
BRDA:288,22,1,7
BRDA:288,23,0,20
BRDA:288,23,1,7
BRDA:299,24,0,7
BRDA:299,24,1,13
BRDA:304,25,0,0
BRDA:304,25,1,20
BRDA:304,26,0,20
BRDA:304,26,1,0
BRDA:304,26,2,0
BRDA:311,27,0,5
BRDA:311,27,1,15
BRDA:314,28,0,15
BRDA:314,28,1,5
BRDA:314,29,0,20
BRDA:314,29,1,5
BRDA:325,30,0,5
BRDA:325,30,1,15
BRDA:330,31,0,0
BRDA:330,31,1,20
BRDA:330,32,0,20
BRDA:330,32,1,0
BRDA:330,32,2,0
BRDA:339,33,0,3
BRDA:339,33,1,17
BRDA:342,34,0,17
BRDA:342,34,1,3
BRDA:342,35,0,20
BRDA:342,35,1,3
BRDA:352,36,0,3
BRDA:352,36,1,17
BRDA:357,37,0,0
BRDA:357,37,1,20
BRDA:357,38,0,20
BRDA:357,38,1,0
BRDA:371,39,0,1
BRDA:371,39,1,19
BRDA:371,40,0,20
BRDA:371,40,1,14
BRDA:374,41,0,18
BRDA:374,41,1,2
BRDA:374,42,0,20
BRDA:374,42,1,3
BRDA:384,43,0,14
BRDA:384,43,1,6
BRDA:389,44,0,0
BRDA:389,44,1,20
BRDA:389,45,0,20
BRDA:389,45,1,0
BRDA:394,46,0,20
BRDA:394,46,1,13
BRDA:394,46,2,3
BRDA:394,46,3,1
BRDA:394,46,4,1
BRDA:394,46,5,1
BRDA:394,46,6,1
BRF:108
BRH:90
end_of_record
